WARN  [Thread-2] 2021-12-01 06:13:46,372 repast.simphony.query.AbstractPropertyQuery - Possible error while creating property query
java.lang.IllegalArgumentException: Property ' total_rawmaterial_1_Quantity' not found.
	at repast.simphony.query.AbstractPropertyQuery.propertyNotFound(AbstractPropertyQuery.java:90)
	at repast.simphony.query.PropertyLessThanEquals.createPredicate(PropertyLessThanEquals.java:96)
	at repast.simphony.query.AbstractPropertyQuery.query(AbstractPropertyQuery.java:85)
	at mAS_SCMS.Raw_Materials_Supplier_Agent.step(Raw_Materials_Supplier_Agent.java:39)
	at mAS_SCMS.Base_Agent$$FastClassByCGLIB$$eacdba2f.invoke(<generated>)
	at net.sf.cglib.reflect.FastMethod.invoke(FastMethod.java:53)
	at repast.simphony.engine.schedule.DynamicTargetAction.execute(DynamicTargetAction.java:69)
	at repast.simphony.engine.controller.ScheduledMethodControllerAction$ScheduleMethodAllAction.execute(ScheduledMethodControllerAction.java:336)
	at repast.simphony.engine.schedule.DefaultAction.execute(DefaultAction.java:38)
	at repast.simphony.engine.schedule.ScheduleGroup.executeList(ScheduleGroup.java:205)
	at repast.simphony.engine.schedule.ScheduleGroup.execute(ScheduleGroup.java:231)
	at repast.simphony.engine.schedule.Schedule.execute(Schedule.java:352)
	at repast.simphony.ui.GUIScheduleRunner$ScheduleLoopRunnable.run(GUIScheduleRunner.java:52)
	at java.base/java.lang.Thread.run(Thread.java:829)
WARN  [Thread-2] 2021-12-01 06:13:46,465 repast.simphony.query.AbstractPropertyQuery - Possible error while creating property query
java.lang.IllegalArgumentException: Property ' total_rawmaterial_1_Quantity' not found.
	at repast.simphony.query.AbstractPropertyQuery.propertyNotFound(AbstractPropertyQuery.java:90)
	at repast.simphony.query.PropertyLessThanEquals.createPredicate(PropertyLessThanEquals.java:96)
	at repast.simphony.query.AbstractPropertyQuery.query(AbstractPropertyQuery.java:85)
	at mAS_SCMS.Raw_Materials_Supplier_Agent.step(Raw_Materials_Supplier_Agent.java:39)
	at mAS_SCMS.Base_Agent$$FastClassByCGLIB$$eacdba2f.invoke(<generated>)
	at net.sf.cglib.reflect.FastMethod.invoke(FastMethod.java:53)
	at repast.simphony.engine.schedule.DynamicTargetAction.execute(DynamicTargetAction.java:69)
	at repast.simphony.engine.controller.ScheduledMethodControllerAction$ScheduleMethodAllAction.execute(ScheduledMethodControllerAction.java:336)
	at repast.simphony.engine.schedule.DefaultAction.execute(DefaultAction.java:38)
	at repast.simphony.engine.schedule.ScheduleGroup.executeList(ScheduleGroup.java:205)
	at repast.simphony.engine.schedule.ScheduleGroup.execute(ScheduleGroup.java:231)
	at repast.simphony.engine.schedule.Schedule.execute(Schedule.java:352)
	at repast.simphony.ui.GUIScheduleRunner$ScheduleLoopRunnable.run(GUIScheduleRunner.java:52)
	at java.base/java.lang.Thread.run(Thread.java:829)
WARN  [Thread-2] 2021-12-01 06:13:46,621 repast.simphony.query.AbstractPropertyQuery - Possible error while creating property query
java.lang.IllegalArgumentException: Property ' total_rawmaterial_1_Quantity' not found.
	at repast.simphony.query.AbstractPropertyQuery.propertyNotFound(AbstractPropertyQuery.java:90)
	at repast.simphony.query.PropertyLessThanEquals.createPredicate(PropertyLessThanEquals.java:96)
	at repast.simphony.query.AbstractPropertyQuery.query(AbstractPropertyQuery.java:85)
	at mAS_SCMS.Raw_Materials_Supplier_Agent.step(Raw_Materials_Supplier_Agent.java:39)
	at mAS_SCMS.Base_Agent$$FastClassByCGLIB$$eacdba2f.invoke(<generated>)
	at net.sf.cglib.reflect.FastMethod.invoke(FastMethod.java:53)
	at repast.simphony.engine.schedule.DynamicTargetAction.execute(DynamicTargetAction.java:69)
	at repast.simphony.engine.controller.ScheduledMethodControllerAction$ScheduleMethodAllAction.execute(ScheduledMethodControllerAction.java:336)
	at repast.simphony.engine.schedule.DefaultAction.execute(DefaultAction.java:38)
	at repast.simphony.engine.schedule.ScheduleGroup.executeList(ScheduleGroup.java:205)
	at repast.simphony.engine.schedule.ScheduleGroup.execute(ScheduleGroup.java:231)
	at repast.simphony.engine.schedule.Schedule.execute(Schedule.java:352)
	at repast.simphony.ui.GUIScheduleRunner$ScheduleLoopRunnable.run(GUIScheduleRunner.java:52)
	at java.base/java.lang.Thread.run(Thread.java:829)
WARN  [Thread-2] 2021-12-01 06:13:46,707 repast.simphony.query.AbstractPropertyQuery - Possible error while creating property query
java.lang.IllegalArgumentException: Property ' total_rawmaterial_1_Quantity' not found.
	at repast.simphony.query.AbstractPropertyQuery.propertyNotFound(AbstractPropertyQuery.java:90)
	at repast.simphony.query.PropertyLessThanEquals.createPredicate(PropertyLessThanEquals.java:96)
	at repast.simphony.query.AbstractPropertyQuery.query(AbstractPropertyQuery.java:85)
	at mAS_SCMS.Raw_Materials_Supplier_Agent.step(Raw_Materials_Supplier_Agent.java:39)
	at mAS_SCMS.Base_Agent$$FastClassByCGLIB$$eacdba2f.invoke(<generated>)
	at net.sf.cglib.reflect.FastMethod.invoke(FastMethod.java:53)
	at repast.simphony.engine.schedule.DynamicTargetAction.execute(DynamicTargetAction.java:69)
	at repast.simphony.engine.controller.ScheduledMethodControllerAction$ScheduleMethodAllAction.execute(ScheduledMethodControllerAction.java:336)
	at repast.simphony.engine.schedule.DefaultAction.execute(DefaultAction.java:38)
	at repast.simphony.engine.schedule.ScheduleGroup.executeList(ScheduleGroup.java:205)
	at repast.simphony.engine.schedule.ScheduleGroup.execute(ScheduleGroup.java:231)
	at repast.simphony.engine.schedule.Schedule.execute(Schedule.java:352)
	at repast.simphony.ui.GUIScheduleRunner$ScheduleLoopRunnable.run(GUIScheduleRunner.java:52)
	at java.base/java.lang.Thread.run(Thread.java:829)
WARN  [Thread-2] 2021-12-01 06:13:46,816 repast.simphony.query.AbstractPropertyQuery - Possible error while creating property query
java.lang.IllegalArgumentException: Property ' total_rawmaterial_1_Quantity' not found.
	at repast.simphony.query.AbstractPropertyQuery.propertyNotFound(AbstractPropertyQuery.java:90)
	at repast.simphony.query.PropertyLessThanEquals.createPredicate(PropertyLessThanEquals.java:96)
	at repast.simphony.query.AbstractPropertyQuery.query(AbstractPropertyQuery.java:85)
	at mAS_SCMS.Raw_Materials_Supplier_Agent.step(Raw_Materials_Supplier_Agent.java:39)
	at mAS_SCMS.Base_Agent$$FastClassByCGLIB$$eacdba2f.invoke(<generated>)
	at net.sf.cglib.reflect.FastMethod.invoke(FastMethod.java:53)
	at repast.simphony.engine.schedule.DynamicTargetAction.execute(DynamicTargetAction.java:69)
	at repast.simphony.engine.controller.ScheduledMethodControllerAction$ScheduleMethodAllAction.execute(ScheduledMethodControllerAction.java:336)
	at repast.simphony.engine.schedule.DefaultAction.execute(DefaultAction.java:38)
	at repast.simphony.engine.schedule.ScheduleGroup.executeList(ScheduleGroup.java:205)
	at repast.simphony.engine.schedule.ScheduleGroup.execute(ScheduleGroup.java:231)
	at repast.simphony.engine.schedule.Schedule.execute(Schedule.java:352)
	at repast.simphony.ui.GUIScheduleRunner$ScheduleLoopRunnable.run(GUIScheduleRunner.java:52)
	at java.base/java.lang.Thread.run(Thread.java:829)
WARN  [Thread-2] 2021-12-01 06:13:46,909 repast.simphony.query.AbstractPropertyQuery - Possible error while creating property query
java.lang.IllegalArgumentException: Property ' total_rawmaterial_1_Quantity' not found.
	at repast.simphony.query.AbstractPropertyQuery.propertyNotFound(AbstractPropertyQuery.java:90)
	at repast.simphony.query.PropertyLessThanEquals.createPredicate(PropertyLessThanEquals.java:96)
	at repast.simphony.query.AbstractPropertyQuery.query(AbstractPropertyQuery.java:85)
	at mAS_SCMS.Raw_Materials_Supplier_Agent.step(Raw_Materials_Supplier_Agent.java:39)
	at mAS_SCMS.Base_Agent$$FastClassByCGLIB$$eacdba2f.invoke(<generated>)
	at net.sf.cglib.reflect.FastMethod.invoke(FastMethod.java:53)
	at repast.simphony.engine.schedule.DynamicTargetAction.execute(DynamicTargetAction.java:69)
	at repast.simphony.engine.controller.ScheduledMethodControllerAction$ScheduleMethodAllAction.execute(ScheduledMethodControllerAction.java:336)
	at repast.simphony.engine.schedule.DefaultAction.execute(DefaultAction.java:38)
	at repast.simphony.engine.schedule.ScheduleGroup.executeList(ScheduleGroup.java:205)
	at repast.simphony.engine.schedule.ScheduleGroup.execute(ScheduleGroup.java:231)
	at repast.simphony.engine.schedule.Schedule.execute(Schedule.java:352)
	at repast.simphony.ui.GUIScheduleRunner$ScheduleLoopRunnable.run(GUIScheduleRunner.java:52)
	at java.base/java.lang.Thread.run(Thread.java:829)
WARN  [Thread-2] 2021-12-01 06:13:46,972 repast.simphony.query.AbstractPropertyQuery - Possible error while creating property query
java.lang.IllegalArgumentException: Property ' total_rawmaterial_1_Quantity' not found.
	at repast.simphony.query.AbstractPropertyQuery.propertyNotFound(AbstractPropertyQuery.java:90)
	at repast.simphony.query.PropertyLessThanEquals.createPredicate(PropertyLessThanEquals.java:96)
	at repast.simphony.query.AbstractPropertyQuery.query(AbstractPropertyQuery.java:85)
	at mAS_SCMS.Raw_Materials_Supplier_Agent.step(Raw_Materials_Supplier_Agent.java:39)
	at mAS_SCMS.Base_Agent$$FastClassByCGLIB$$eacdba2f.invoke(<generated>)
	at net.sf.cglib.reflect.FastMethod.invoke(FastMethod.java:53)
	at repast.simphony.engine.schedule.DynamicTargetAction.execute(DynamicTargetAction.java:69)
	at repast.simphony.engine.controller.ScheduledMethodControllerAction$ScheduleMethodAllAction.execute(ScheduledMethodControllerAction.java:336)
	at repast.simphony.engine.schedule.DefaultAction.execute(DefaultAction.java:38)
	at repast.simphony.engine.schedule.ScheduleGroup.executeList(ScheduleGroup.java:205)
	at repast.simphony.engine.schedule.ScheduleGroup.execute(ScheduleGroup.java:231)
	at repast.simphony.engine.schedule.Schedule.execute(Schedule.java:352)
	at repast.simphony.ui.GUIScheduleRunner$ScheduleLoopRunnable.run(GUIScheduleRunner.java:52)
	at java.base/java.lang.Thread.run(Thread.java:829)
WARN  [Thread-2] 2021-12-01 06:13:47,019 repast.simphony.query.AbstractPropertyQuery - Possible error while creating property query
java.lang.IllegalArgumentException: Property ' total_rawmaterial_1_Quantity' not found.
	at repast.simphony.query.AbstractPropertyQuery.propertyNotFound(AbstractPropertyQuery.java:90)
	at repast.simphony.query.PropertyLessThanEquals.createPredicate(PropertyLessThanEquals.java:96)
	at repast.simphony.query.AbstractPropertyQuery.query(AbstractPropertyQuery.java:85)
	at mAS_SCMS.Raw_Materials_Supplier_Agent.step(Raw_Materials_Supplier_Agent.java:39)
	at mAS_SCMS.Base_Agent$$FastClassByCGLIB$$eacdba2f.invoke(<generated>)
	at net.sf.cglib.reflect.FastMethod.invoke(FastMethod.java:53)
	at repast.simphony.engine.schedule.DynamicTargetAction.execute(DynamicTargetAction.java:69)
	at repast.simphony.engine.controller.ScheduledMethodControllerAction$ScheduleMethodAllAction.execute(ScheduledMethodControllerAction.java:336)
	at repast.simphony.engine.schedule.DefaultAction.execute(DefaultAction.java:38)
	at repast.simphony.engine.schedule.ScheduleGroup.executeList(ScheduleGroup.java:205)
	at repast.simphony.engine.schedule.ScheduleGroup.execute(ScheduleGroup.java:231)
	at repast.simphony.engine.schedule.Schedule.execute(Schedule.java:352)
	at repast.simphony.ui.GUIScheduleRunner$ScheduleLoopRunnable.run(GUIScheduleRunner.java:52)
	at java.base/java.lang.Thread.run(Thread.java:829)
WARN  [Thread-2] 2021-12-01 06:13:47,176 repast.simphony.query.AbstractPropertyQuery - Possible error while creating property query
java.lang.IllegalArgumentException: Property ' total_rawmaterial_1_Quantity' not found.
	at repast.simphony.query.AbstractPropertyQuery.propertyNotFound(AbstractPropertyQuery.java:90)
	at repast.simphony.query.PropertyLessThanEquals.createPredicate(PropertyLessThanEquals.java:96)
	at repast.simphony.query.AbstractPropertyQuery.query(AbstractPropertyQuery.java:85)
	at mAS_SCMS.Raw_Materials_Supplier_Agent.step(Raw_Materials_Supplier_Agent.java:39)
	at mAS_SCMS.Base_Agent$$FastClassByCGLIB$$eacdba2f.invoke(<generated>)
	at net.sf.cglib.reflect.FastMethod.invoke(FastMethod.java:53)
	at repast.simphony.engine.schedule.DynamicTargetAction.execute(DynamicTargetAction.java:69)
	at repast.simphony.engine.controller.ScheduledMethodControllerAction$ScheduleMethodAllAction.execute(ScheduledMethodControllerAction.java:336)
	at repast.simphony.engine.schedule.DefaultAction.execute(DefaultAction.java:38)
	at repast.simphony.engine.schedule.ScheduleGroup.executeList(ScheduleGroup.java:205)
	at repast.simphony.engine.schedule.ScheduleGroup.execute(ScheduleGroup.java:231)
	at repast.simphony.engine.schedule.Schedule.execute(Schedule.java:352)
	at repast.simphony.ui.GUIScheduleRunner$ScheduleLoopRunnable.run(GUIScheduleRunner.java:52)
	at java.base/java.lang.Thread.run(Thread.java:829)
WARN  [Thread-2] 2021-12-01 06:13:47,253 repast.simphony.query.AbstractPropertyQuery - Possible error while creating property query
java.lang.IllegalArgumentException: Property ' total_rawmaterial_1_Quantity' not found.
	at repast.simphony.query.AbstractPropertyQuery.propertyNotFound(AbstractPropertyQuery.java:90)
	at repast.simphony.query.PropertyLessThanEquals.createPredicate(PropertyLessThanEquals.java:96)
	at repast.simphony.query.AbstractPropertyQuery.query(AbstractPropertyQuery.java:85)
	at mAS_SCMS.Raw_Materials_Supplier_Agent.step(Raw_Materials_Supplier_Agent.java:39)
	at mAS_SCMS.Base_Agent$$FastClassByCGLIB$$eacdba2f.invoke(<generated>)
	at net.sf.cglib.reflect.FastMethod.invoke(FastMethod.java:53)
	at repast.simphony.engine.schedule.DynamicTargetAction.execute(DynamicTargetAction.java:69)
	at repast.simphony.engine.controller.ScheduledMethodControllerAction$ScheduleMethodAllAction.execute(ScheduledMethodControllerAction.java:336)
	at repast.simphony.engine.schedule.DefaultAction.execute(DefaultAction.java:38)
	at repast.simphony.engine.schedule.ScheduleGroup.executeList(ScheduleGroup.java:205)
	at repast.simphony.engine.schedule.ScheduleGroup.execute(ScheduleGroup.java:231)
	at repast.simphony.engine.schedule.Schedule.execute(Schedule.java:352)
	at repast.simphony.ui.GUIScheduleRunner$ScheduleLoopRunnable.run(GUIScheduleRunner.java:52)
	at java.base/java.lang.Thread.run(Thread.java:829)
WARN  [Thread-2] 2021-12-01 06:13:47,425 repast.simphony.query.AbstractPropertyQuery - Possible error while creating property query
java.lang.IllegalArgumentException: Property ' total_rawmaterial_1_Quantity' not found.
	at repast.simphony.query.AbstractPropertyQuery.propertyNotFound(AbstractPropertyQuery.java:90)
	at repast.simphony.query.PropertyLessThanEquals.createPredicate(PropertyLessThanEquals.java:96)
	at repast.simphony.query.AbstractPropertyQuery.query(AbstractPropertyQuery.java:85)
	at mAS_SCMS.Raw_Materials_Supplier_Agent.step(Raw_Materials_Supplier_Agent.java:39)
	at mAS_SCMS.Base_Agent$$FastClassByCGLIB$$eacdba2f.invoke(<generated>)
	at net.sf.cglib.reflect.FastMethod.invoke(FastMethod.java:53)
	at repast.simphony.engine.schedule.DynamicTargetAction.execute(DynamicTargetAction.java:69)
	at repast.simphony.engine.controller.ScheduledMethodControllerAction$ScheduleMethodAllAction.execute(ScheduledMethodControllerAction.java:336)
	at repast.simphony.engine.schedule.DefaultAction.execute(DefaultAction.java:38)
	at repast.simphony.engine.schedule.ScheduleGroup.executeList(ScheduleGroup.java:205)
	at repast.simphony.engine.schedule.ScheduleGroup.execute(ScheduleGroup.java:231)
	at repast.simphony.engine.schedule.Schedule.execute(Schedule.java:352)
	at repast.simphony.ui.GUIScheduleRunner$ScheduleLoopRunnable.run(GUIScheduleRunner.java:52)
	at java.base/java.lang.Thread.run(Thread.java:829)
WARN  [Thread-2] 2021-12-01 06:13:47,474 repast.simphony.query.AbstractPropertyQuery - Possible error while creating property query
java.lang.IllegalArgumentException: Property ' total_rawmaterial_1_Quantity' not found.
	at repast.simphony.query.AbstractPropertyQuery.propertyNotFound(AbstractPropertyQuery.java:90)
	at repast.simphony.query.PropertyLessThanEquals.createPredicate(PropertyLessThanEquals.java:96)
	at repast.simphony.query.AbstractPropertyQuery.query(AbstractPropertyQuery.java:85)
	at mAS_SCMS.Raw_Materials_Supplier_Agent.step(Raw_Materials_Supplier_Agent.java:39)
	at mAS_SCMS.Base_Agent$$FastClassByCGLIB$$eacdba2f.invoke(<generated>)
	at net.sf.cglib.reflect.FastMethod.invoke(FastMethod.java:53)
	at repast.simphony.engine.schedule.DynamicTargetAction.execute(DynamicTargetAction.java:69)
	at repast.simphony.engine.controller.ScheduledMethodControllerAction$ScheduleMethodAllAction.execute(ScheduledMethodControllerAction.java:336)
	at repast.simphony.engine.schedule.DefaultAction.execute(DefaultAction.java:38)
	at repast.simphony.engine.schedule.ScheduleGroup.executeList(ScheduleGroup.java:205)
	at repast.simphony.engine.schedule.ScheduleGroup.execute(ScheduleGroup.java:231)
	at repast.simphony.engine.schedule.Schedule.execute(Schedule.java:352)
	at repast.simphony.ui.GUIScheduleRunner$ScheduleLoopRunnable.run(GUIScheduleRunner.java:52)
	at java.base/java.lang.Thread.run(Thread.java:829)
WARN  [Thread-2] 2021-12-01 06:13:47,938 repast.simphony.query.AbstractPropertyQuery - Possible error while creating property query
java.lang.IllegalArgumentException: Property ' total_rawmaterial_1_Quantity' not found.
	at repast.simphony.query.AbstractPropertyQuery.propertyNotFound(AbstractPropertyQuery.java:90)
	at repast.simphony.query.PropertyLessThanEquals.createPredicate(PropertyLessThanEquals.java:96)
	at repast.simphony.query.AbstractPropertyQuery.query(AbstractPropertyQuery.java:85)
	at mAS_SCMS.Raw_Materials_Supplier_Agent.step(Raw_Materials_Supplier_Agent.java:39)
	at mAS_SCMS.Base_Agent$$FastClassByCGLIB$$eacdba2f.invoke(<generated>)
	at net.sf.cglib.reflect.FastMethod.invoke(FastMethod.java:53)
	at repast.simphony.engine.schedule.DynamicTargetAction.execute(DynamicTargetAction.java:69)
	at repast.simphony.engine.controller.ScheduledMethodControllerAction$ScheduleMethodAllAction.execute(ScheduledMethodControllerAction.java:336)
	at repast.simphony.engine.schedule.DefaultAction.execute(DefaultAction.java:38)
	at repast.simphony.engine.schedule.ScheduleGroup.executeList(ScheduleGroup.java:205)
	at repast.simphony.engine.schedule.ScheduleGroup.execute(ScheduleGroup.java:231)
	at repast.simphony.engine.schedule.Schedule.execute(Schedule.java:352)
	at repast.simphony.ui.GUIScheduleRunner$ScheduleLoopRunnable.run(GUIScheduleRunner.java:52)
	at java.base/java.lang.Thread.run(Thread.java:829)
WARN  [Thread-2] 2021-12-01 06:13:48,170 repast.simphony.query.AbstractPropertyQuery - Possible error while creating property query
java.lang.IllegalArgumentException: Property ' total_rawmaterial_1_Quantity' not found.
	at repast.simphony.query.AbstractPropertyQuery.propertyNotFound(AbstractPropertyQuery.java:90)
	at repast.simphony.query.PropertyLessThanEquals.createPredicate(PropertyLessThanEquals.java:96)
	at repast.simphony.query.AbstractPropertyQuery.query(AbstractPropertyQuery.java:85)
	at mAS_SCMS.Raw_Materials_Supplier_Agent.step(Raw_Materials_Supplier_Agent.java:39)
	at mAS_SCMS.Base_Agent$$FastClassByCGLIB$$eacdba2f.invoke(<generated>)
	at net.sf.cglib.reflect.FastMethod.invoke(FastMethod.java:53)
	at repast.simphony.engine.schedule.DynamicTargetAction.execute(DynamicTargetAction.java:69)
	at repast.simphony.engine.controller.ScheduledMethodControllerAction$ScheduleMethodAllAction.execute(ScheduledMethodControllerAction.java:336)
	at repast.simphony.engine.schedule.DefaultAction.execute(DefaultAction.java:38)
	at repast.simphony.engine.schedule.ScheduleGroup.executeList(ScheduleGroup.java:205)
	at repast.simphony.engine.schedule.ScheduleGroup.execute(ScheduleGroup.java:231)
	at repast.simphony.engine.schedule.Schedule.execute(Schedule.java:352)
	at repast.simphony.ui.GUIScheduleRunner$ScheduleLoopRunnable.run(GUIScheduleRunner.java:52)
	at java.base/java.lang.Thread.run(Thread.java:829)
WARN  [Thread-2] 2021-12-01 06:13:48,636 repast.simphony.query.AbstractPropertyQuery - Possible error while creating property query
java.lang.IllegalArgumentException: Property ' total_rawmaterial_1_Quantity' not found.
	at repast.simphony.query.AbstractPropertyQuery.propertyNotFound(AbstractPropertyQuery.java:90)
	at repast.simphony.query.PropertyLessThanEquals.createPredicate(PropertyLessThanEquals.java:96)
	at repast.simphony.query.AbstractPropertyQuery.query(AbstractPropertyQuery.java:85)
	at mAS_SCMS.Raw_Materials_Supplier_Agent.step(Raw_Materials_Supplier_Agent.java:39)
	at mAS_SCMS.Base_Agent$$FastClassByCGLIB$$eacdba2f.invoke(<generated>)
	at net.sf.cglib.reflect.FastMethod.invoke(FastMethod.java:53)
	at repast.simphony.engine.schedule.DynamicTargetAction.execute(DynamicTargetAction.java:69)
	at repast.simphony.engine.controller.ScheduledMethodControllerAction$ScheduleMethodAllAction.execute(ScheduledMethodControllerAction.java:336)
	at repast.simphony.engine.schedule.DefaultAction.execute(DefaultAction.java:38)
	at repast.simphony.engine.schedule.ScheduleGroup.executeList(ScheduleGroup.java:205)
	at repast.simphony.engine.schedule.ScheduleGroup.execute(ScheduleGroup.java:231)
	at repast.simphony.engine.schedule.Schedule.execute(Schedule.java:352)
	at repast.simphony.ui.GUIScheduleRunner$ScheduleLoopRunnable.run(GUIScheduleRunner.java:52)
	at java.base/java.lang.Thread.run(Thread.java:829)
WARN  [Thread-2] 2021-12-01 06:13:48,742 repast.simphony.query.AbstractPropertyQuery - Possible error while creating property query
java.lang.IllegalArgumentException: Property ' total_rawmaterial_1_Quantity' not found.
	at repast.simphony.query.AbstractPropertyQuery.propertyNotFound(AbstractPropertyQuery.java:90)
	at repast.simphony.query.PropertyLessThanEquals.createPredicate(PropertyLessThanEquals.java:96)
	at repast.simphony.query.AbstractPropertyQuery.query(AbstractPropertyQuery.java:85)
	at mAS_SCMS.Raw_Materials_Supplier_Agent.step(Raw_Materials_Supplier_Agent.java:39)
	at mAS_SCMS.Base_Agent$$FastClassByCGLIB$$eacdba2f.invoke(<generated>)
	at net.sf.cglib.reflect.FastMethod.invoke(FastMethod.java:53)
	at repast.simphony.engine.schedule.DynamicTargetAction.execute(DynamicTargetAction.java:69)
	at repast.simphony.engine.controller.ScheduledMethodControllerAction$ScheduleMethodAllAction.execute(ScheduledMethodControllerAction.java:336)
	at repast.simphony.engine.schedule.DefaultAction.execute(DefaultAction.java:38)
	at repast.simphony.engine.schedule.ScheduleGroup.executeList(ScheduleGroup.java:205)
	at repast.simphony.engine.schedule.ScheduleGroup.execute(ScheduleGroup.java:231)
	at repast.simphony.engine.schedule.Schedule.execute(Schedule.java:352)
	at repast.simphony.ui.GUIScheduleRunner$ScheduleLoopRunnable.run(GUIScheduleRunner.java:52)
	at java.base/java.lang.Thread.run(Thread.java:829)
WARN  [Thread-2] 2021-12-01 06:13:48,875 repast.simphony.query.AbstractPropertyQuery - Possible error while creating property query
java.lang.IllegalArgumentException: Property ' total_rawmaterial_1_Quantity' not found.
	at repast.simphony.query.AbstractPropertyQuery.propertyNotFound(AbstractPropertyQuery.java:90)
	at repast.simphony.query.PropertyLessThanEquals.createPredicate(PropertyLessThanEquals.java:96)
	at repast.simphony.query.AbstractPropertyQuery.query(AbstractPropertyQuery.java:85)
	at mAS_SCMS.Raw_Materials_Supplier_Agent.step(Raw_Materials_Supplier_Agent.java:39)
	at mAS_SCMS.Base_Agent$$FastClassByCGLIB$$eacdba2f.invoke(<generated>)
	at net.sf.cglib.reflect.FastMethod.invoke(FastMethod.java:53)
	at repast.simphony.engine.schedule.DynamicTargetAction.execute(DynamicTargetAction.java:69)
	at repast.simphony.engine.controller.ScheduledMethodControllerAction$ScheduleMethodAllAction.execute(ScheduledMethodControllerAction.java:336)
	at repast.simphony.engine.schedule.DefaultAction.execute(DefaultAction.java:38)
	at repast.simphony.engine.schedule.ScheduleGroup.executeList(ScheduleGroup.java:205)
	at repast.simphony.engine.schedule.ScheduleGroup.execute(ScheduleGroup.java:231)
	at repast.simphony.engine.schedule.Schedule.execute(Schedule.java:352)
	at repast.simphony.ui.GUIScheduleRunner$ScheduleLoopRunnable.run(GUIScheduleRunner.java:52)
	at java.base/java.lang.Thread.run(Thread.java:829)
WARN  [Thread-2] 2021-12-01 06:13:48,969 repast.simphony.query.AbstractPropertyQuery - Possible error while creating property query
java.lang.IllegalArgumentException: Property ' total_rawmaterial_1_Quantity' not found.
	at repast.simphony.query.AbstractPropertyQuery.propertyNotFound(AbstractPropertyQuery.java:90)
	at repast.simphony.query.PropertyLessThanEquals.createPredicate(PropertyLessThanEquals.java:96)
	at repast.simphony.query.AbstractPropertyQuery.query(AbstractPropertyQuery.java:85)
	at mAS_SCMS.Raw_Materials_Supplier_Agent.step(Raw_Materials_Supplier_Agent.java:39)
	at mAS_SCMS.Base_Agent$$FastClassByCGLIB$$eacdba2f.invoke(<generated>)
	at net.sf.cglib.reflect.FastMethod.invoke(FastMethod.java:53)
	at repast.simphony.engine.schedule.DynamicTargetAction.execute(DynamicTargetAction.java:69)
	at repast.simphony.engine.controller.ScheduledMethodControllerAction$ScheduleMethodAllAction.execute(ScheduledMethodControllerAction.java:336)
	at repast.simphony.engine.schedule.DefaultAction.execute(DefaultAction.java:38)
	at repast.simphony.engine.schedule.ScheduleGroup.executeList(ScheduleGroup.java:205)
	at repast.simphony.engine.schedule.ScheduleGroup.execute(ScheduleGroup.java:231)
	at repast.simphony.engine.schedule.Schedule.execute(Schedule.java:352)
	at repast.simphony.ui.GUIScheduleRunner$ScheduleLoopRunnable.run(GUIScheduleRunner.java:52)
	at java.base/java.lang.Thread.run(Thread.java:829)
WARN  [Thread-2] 2021-12-01 06:13:49,075 repast.simphony.query.AbstractPropertyQuery - Possible error while creating property query
java.lang.IllegalArgumentException: Property ' total_rawmaterial_1_Quantity' not found.
	at repast.simphony.query.AbstractPropertyQuery.propertyNotFound(AbstractPropertyQuery.java:90)
	at repast.simphony.query.PropertyLessThanEquals.createPredicate(PropertyLessThanEquals.java:96)
	at repast.simphony.query.AbstractPropertyQuery.query(AbstractPropertyQuery.java:85)
	at mAS_SCMS.Raw_Materials_Supplier_Agent.step(Raw_Materials_Supplier_Agent.java:39)
	at mAS_SCMS.Base_Agent$$FastClassByCGLIB$$eacdba2f.invoke(<generated>)
	at net.sf.cglib.reflect.FastMethod.invoke(FastMethod.java:53)
	at repast.simphony.engine.schedule.DynamicTargetAction.execute(DynamicTargetAction.java:69)
	at repast.simphony.engine.controller.ScheduledMethodControllerAction$ScheduleMethodAllAction.execute(ScheduledMethodControllerAction.java:336)
	at repast.simphony.engine.schedule.DefaultAction.execute(DefaultAction.java:38)
	at repast.simphony.engine.schedule.ScheduleGroup.executeList(ScheduleGroup.java:205)
	at repast.simphony.engine.schedule.ScheduleGroup.execute(ScheduleGroup.java:231)
	at repast.simphony.engine.schedule.Schedule.execute(Schedule.java:352)
	at repast.simphony.ui.GUIScheduleRunner$ScheduleLoopRunnable.run(GUIScheduleRunner.java:52)
	at java.base/java.lang.Thread.run(Thread.java:829)
WARN  [Thread-2] 2021-12-01 06:13:49,153 repast.simphony.query.AbstractPropertyQuery - Possible error while creating property query
java.lang.IllegalArgumentException: Property ' total_rawmaterial_1_Quantity' not found.
	at repast.simphony.query.AbstractPropertyQuery.propertyNotFound(AbstractPropertyQuery.java:90)
	at repast.simphony.query.PropertyLessThanEquals.createPredicate(PropertyLessThanEquals.java:96)
	at repast.simphony.query.AbstractPropertyQuery.query(AbstractPropertyQuery.java:85)
	at mAS_SCMS.Raw_Materials_Supplier_Agent.step(Raw_Materials_Supplier_Agent.java:39)
	at mAS_SCMS.Base_Agent$$FastClassByCGLIB$$eacdba2f.invoke(<generated>)
	at net.sf.cglib.reflect.FastMethod.invoke(FastMethod.java:53)
	at repast.simphony.engine.schedule.DynamicTargetAction.execute(DynamicTargetAction.java:69)
	at repast.simphony.engine.controller.ScheduledMethodControllerAction$ScheduleMethodAllAction.execute(ScheduledMethodControllerAction.java:336)
	at repast.simphony.engine.schedule.DefaultAction.execute(DefaultAction.java:38)
	at repast.simphony.engine.schedule.ScheduleGroup.executeList(ScheduleGroup.java:205)
	at repast.simphony.engine.schedule.ScheduleGroup.execute(ScheduleGroup.java:231)
	at repast.simphony.engine.schedule.Schedule.execute(Schedule.java:352)
	at repast.simphony.ui.GUIScheduleRunner$ScheduleLoopRunnable.run(GUIScheduleRunner.java:52)
	at java.base/java.lang.Thread.run(Thread.java:829)
WARN  [Thread-2] 2021-12-01 06:13:49,278 repast.simphony.query.AbstractPropertyQuery - Possible error while creating property query
java.lang.IllegalArgumentException: Property ' total_rawmaterial_1_Quantity' not found.
	at repast.simphony.query.AbstractPropertyQuery.propertyNotFound(AbstractPropertyQuery.java:90)
	at repast.simphony.query.PropertyLessThanEquals.createPredicate(PropertyLessThanEquals.java:96)
	at repast.simphony.query.AbstractPropertyQuery.query(AbstractPropertyQuery.java:85)
	at mAS_SCMS.Raw_Materials_Supplier_Agent.step(Raw_Materials_Supplier_Agent.java:39)
	at mAS_SCMS.Base_Agent$$FastClassByCGLIB$$eacdba2f.invoke(<generated>)
	at net.sf.cglib.reflect.FastMethod.invoke(FastMethod.java:53)
	at repast.simphony.engine.schedule.DynamicTargetAction.execute(DynamicTargetAction.java:69)
	at repast.simphony.engine.controller.ScheduledMethodControllerAction$ScheduleMethodAllAction.execute(ScheduledMethodControllerAction.java:336)
	at repast.simphony.engine.schedule.DefaultAction.execute(DefaultAction.java:38)
	at repast.simphony.engine.schedule.ScheduleGroup.executeList(ScheduleGroup.java:205)
	at repast.simphony.engine.schedule.ScheduleGroup.execute(ScheduleGroup.java:231)
	at repast.simphony.engine.schedule.Schedule.execute(Schedule.java:352)
	at repast.simphony.ui.GUIScheduleRunner$ScheduleLoopRunnable.run(GUIScheduleRunner.java:52)
	at java.base/java.lang.Thread.run(Thread.java:829)
WARN  [Thread-2] 2021-12-01 06:13:49,325 repast.simphony.query.AbstractPropertyQuery - Possible error while creating property query
java.lang.IllegalArgumentException: Property ' total_rawmaterial_1_Quantity' not found.
	at repast.simphony.query.AbstractPropertyQuery.propertyNotFound(AbstractPropertyQuery.java:90)
	at repast.simphony.query.PropertyLessThanEquals.createPredicate(PropertyLessThanEquals.java:96)
	at repast.simphony.query.AbstractPropertyQuery.query(AbstractPropertyQuery.java:85)
	at mAS_SCMS.Raw_Materials_Supplier_Agent.step(Raw_Materials_Supplier_Agent.java:39)
	at mAS_SCMS.Base_Agent$$FastClassByCGLIB$$eacdba2f.invoke(<generated>)
	at net.sf.cglib.reflect.FastMethod.invoke(FastMethod.java:53)
	at repast.simphony.engine.schedule.DynamicTargetAction.execute(DynamicTargetAction.java:69)
	at repast.simphony.engine.controller.ScheduledMethodControllerAction$ScheduleMethodAllAction.execute(ScheduledMethodControllerAction.java:336)
	at repast.simphony.engine.schedule.DefaultAction.execute(DefaultAction.java:38)
	at repast.simphony.engine.schedule.ScheduleGroup.executeList(ScheduleGroup.java:205)
	at repast.simphony.engine.schedule.ScheduleGroup.execute(ScheduleGroup.java:231)
	at repast.simphony.engine.schedule.Schedule.execute(Schedule.java:352)
	at repast.simphony.ui.GUIScheduleRunner$ScheduleLoopRunnable.run(GUIScheduleRunner.java:52)
	at java.base/java.lang.Thread.run(Thread.java:829)
WARN  [Thread-2] 2021-12-01 06:13:49,544 repast.simphony.query.AbstractPropertyQuery - Possible error while creating property query
java.lang.IllegalArgumentException: Property ' total_rawmaterial_1_Quantity' not found.
	at repast.simphony.query.AbstractPropertyQuery.propertyNotFound(AbstractPropertyQuery.java:90)
	at repast.simphony.query.PropertyLessThanEquals.createPredicate(PropertyLessThanEquals.java:96)
	at repast.simphony.query.AbstractPropertyQuery.query(AbstractPropertyQuery.java:85)
	at mAS_SCMS.Raw_Materials_Supplier_Agent.step(Raw_Materials_Supplier_Agent.java:39)
	at mAS_SCMS.Base_Agent$$FastClassByCGLIB$$eacdba2f.invoke(<generated>)
	at net.sf.cglib.reflect.FastMethod.invoke(FastMethod.java:53)
	at repast.simphony.engine.schedule.DynamicTargetAction.execute(DynamicTargetAction.java:69)
	at repast.simphony.engine.controller.ScheduledMethodControllerAction$ScheduleMethodAllAction.execute(ScheduledMethodControllerAction.java:336)
	at repast.simphony.engine.schedule.DefaultAction.execute(DefaultAction.java:38)
	at repast.simphony.engine.schedule.ScheduleGroup.executeList(ScheduleGroup.java:205)
	at repast.simphony.engine.schedule.ScheduleGroup.execute(ScheduleGroup.java:231)
	at repast.simphony.engine.schedule.Schedule.execute(Schedule.java:352)
	at repast.simphony.ui.GUIScheduleRunner$ScheduleLoopRunnable.run(GUIScheduleRunner.java:52)
	at java.base/java.lang.Thread.run(Thread.java:829)
WARN  [Thread-2] 2021-12-01 06:13:49,637 repast.simphony.query.AbstractPropertyQuery - Possible error while creating property query
java.lang.IllegalArgumentException: Property ' total_rawmaterial_1_Quantity' not found.
	at repast.simphony.query.AbstractPropertyQuery.propertyNotFound(AbstractPropertyQuery.java:90)
	at repast.simphony.query.PropertyLessThanEquals.createPredicate(PropertyLessThanEquals.java:96)
	at repast.simphony.query.AbstractPropertyQuery.query(AbstractPropertyQuery.java:85)
	at mAS_SCMS.Raw_Materials_Supplier_Agent.step(Raw_Materials_Supplier_Agent.java:39)
	at mAS_SCMS.Base_Agent$$FastClassByCGLIB$$eacdba2f.invoke(<generated>)
	at net.sf.cglib.reflect.FastMethod.invoke(FastMethod.java:53)
	at repast.simphony.engine.schedule.DynamicTargetAction.execute(DynamicTargetAction.java:69)
	at repast.simphony.engine.controller.ScheduledMethodControllerAction$ScheduleMethodAllAction.execute(ScheduledMethodControllerAction.java:336)
	at repast.simphony.engine.schedule.DefaultAction.execute(DefaultAction.java:38)
	at repast.simphony.engine.schedule.ScheduleGroup.executeList(ScheduleGroup.java:205)
	at repast.simphony.engine.schedule.ScheduleGroup.execute(ScheduleGroup.java:231)
	at repast.simphony.engine.schedule.Schedule.execute(Schedule.java:352)
	at repast.simphony.ui.GUIScheduleRunner$ScheduleLoopRunnable.run(GUIScheduleRunner.java:52)
	at java.base/java.lang.Thread.run(Thread.java:829)
WARN  [Thread-2] 2021-12-01 06:13:49,793 repast.simphony.query.AbstractPropertyQuery - Possible error while creating property query
java.lang.IllegalArgumentException: Property ' total_rawmaterial_1_Quantity' not found.
	at repast.simphony.query.AbstractPropertyQuery.propertyNotFound(AbstractPropertyQuery.java:90)
	at repast.simphony.query.PropertyLessThanEquals.createPredicate(PropertyLessThanEquals.java:96)
	at repast.simphony.query.AbstractPropertyQuery.query(AbstractPropertyQuery.java:85)
	at mAS_SCMS.Raw_Materials_Supplier_Agent.step(Raw_Materials_Supplier_Agent.java:39)
	at mAS_SCMS.Base_Agent$$FastClassByCGLIB$$eacdba2f.invoke(<generated>)
	at net.sf.cglib.reflect.FastMethod.invoke(FastMethod.java:53)
	at repast.simphony.engine.schedule.DynamicTargetAction.execute(DynamicTargetAction.java:69)
	at repast.simphony.engine.controller.ScheduledMethodControllerAction$ScheduleMethodAllAction.execute(ScheduledMethodControllerAction.java:336)
	at repast.simphony.engine.schedule.DefaultAction.execute(DefaultAction.java:38)
	at repast.simphony.engine.schedule.ScheduleGroup.executeList(ScheduleGroup.java:205)
	at repast.simphony.engine.schedule.ScheduleGroup.execute(ScheduleGroup.java:231)
	at repast.simphony.engine.schedule.Schedule.execute(Schedule.java:352)
	at repast.simphony.ui.GUIScheduleRunner$ScheduleLoopRunnable.run(GUIScheduleRunner.java:52)
	at java.base/java.lang.Thread.run(Thread.java:829)
WARN  [Thread-2] 2021-12-01 06:13:49,856 repast.simphony.query.AbstractPropertyQuery - Possible error while creating property query
java.lang.IllegalArgumentException: Property ' total_rawmaterial_1_Quantity' not found.
	at repast.simphony.query.AbstractPropertyQuery.propertyNotFound(AbstractPropertyQuery.java:90)
	at repast.simphony.query.PropertyLessThanEquals.createPredicate(PropertyLessThanEquals.java:96)
	at repast.simphony.query.AbstractPropertyQuery.query(AbstractPropertyQuery.java:85)
	at mAS_SCMS.Raw_Materials_Supplier_Agent.step(Raw_Materials_Supplier_Agent.java:39)
	at mAS_SCMS.Base_Agent$$FastClassByCGLIB$$eacdba2f.invoke(<generated>)
	at net.sf.cglib.reflect.FastMethod.invoke(FastMethod.java:53)
	at repast.simphony.engine.schedule.DynamicTargetAction.execute(DynamicTargetAction.java:69)
	at repast.simphony.engine.controller.ScheduledMethodControllerAction$ScheduleMethodAllAction.execute(ScheduledMethodControllerAction.java:336)
	at repast.simphony.engine.schedule.DefaultAction.execute(DefaultAction.java:38)
	at repast.simphony.engine.schedule.ScheduleGroup.executeList(ScheduleGroup.java:205)
	at repast.simphony.engine.schedule.ScheduleGroup.execute(ScheduleGroup.java:231)
	at repast.simphony.engine.schedule.Schedule.execute(Schedule.java:352)
	at repast.simphony.ui.GUIScheduleRunner$ScheduleLoopRunnable.run(GUIScheduleRunner.java:52)
	at java.base/java.lang.Thread.run(Thread.java:829)
WARN  [Thread-2] 2021-12-01 06:13:49,950 repast.simphony.query.AbstractPropertyQuery - Possible error while creating property query
java.lang.IllegalArgumentException: Property ' total_rawmaterial_1_Quantity' not found.
	at repast.simphony.query.AbstractPropertyQuery.propertyNotFound(AbstractPropertyQuery.java:90)
	at repast.simphony.query.PropertyLessThanEquals.createPredicate(PropertyLessThanEquals.java:96)
	at repast.simphony.query.AbstractPropertyQuery.query(AbstractPropertyQuery.java:85)
	at mAS_SCMS.Raw_Materials_Supplier_Agent.step(Raw_Materials_Supplier_Agent.java:39)
	at mAS_SCMS.Base_Agent$$FastClassByCGLIB$$eacdba2f.invoke(<generated>)
	at net.sf.cglib.reflect.FastMethod.invoke(FastMethod.java:53)
	at repast.simphony.engine.schedule.DynamicTargetAction.execute(DynamicTargetAction.java:69)
	at repast.simphony.engine.controller.ScheduledMethodControllerAction$ScheduleMethodAllAction.execute(ScheduledMethodControllerAction.java:336)
	at repast.simphony.engine.schedule.DefaultAction.execute(DefaultAction.java:38)
	at repast.simphony.engine.schedule.ScheduleGroup.executeList(ScheduleGroup.java:205)
	at repast.simphony.engine.schedule.ScheduleGroup.execute(ScheduleGroup.java:231)
	at repast.simphony.engine.schedule.Schedule.execute(Schedule.java:352)
	at repast.simphony.ui.GUIScheduleRunner$ScheduleLoopRunnable.run(GUIScheduleRunner.java:52)
	at java.base/java.lang.Thread.run(Thread.java:829)
WARN  [Thread-2] 2021-12-01 06:13:50,012 repast.simphony.query.AbstractPropertyQuery - Possible error while creating property query
java.lang.IllegalArgumentException: Property ' total_rawmaterial_1_Quantity' not found.
	at repast.simphony.query.AbstractPropertyQuery.propertyNotFound(AbstractPropertyQuery.java:90)
	at repast.simphony.query.PropertyLessThanEquals.createPredicate(PropertyLessThanEquals.java:96)
	at repast.simphony.query.AbstractPropertyQuery.query(AbstractPropertyQuery.java:85)
	at mAS_SCMS.Raw_Materials_Supplier_Agent.step(Raw_Materials_Supplier_Agent.java:39)
	at mAS_SCMS.Base_Agent$$FastClassByCGLIB$$eacdba2f.invoke(<generated>)
	at net.sf.cglib.reflect.FastMethod.invoke(FastMethod.java:53)
	at repast.simphony.engine.schedule.DynamicTargetAction.execute(DynamicTargetAction.java:69)
	at repast.simphony.engine.controller.ScheduledMethodControllerAction$ScheduleMethodAllAction.execute(ScheduledMethodControllerAction.java:336)
	at repast.simphony.engine.schedule.DefaultAction.execute(DefaultAction.java:38)
	at repast.simphony.engine.schedule.ScheduleGroup.executeList(ScheduleGroup.java:205)
	at repast.simphony.engine.schedule.ScheduleGroup.execute(ScheduleGroup.java:231)
	at repast.simphony.engine.schedule.Schedule.execute(Schedule.java:352)
	at repast.simphony.ui.GUIScheduleRunner$ScheduleLoopRunnable.run(GUIScheduleRunner.java:52)
	at java.base/java.lang.Thread.run(Thread.java:829)
WARN  [Thread-2] 2021-12-01 06:13:50,186 repast.simphony.query.AbstractPropertyQuery - Possible error while creating property query
java.lang.IllegalArgumentException: Property ' total_rawmaterial_1_Quantity' not found.
	at repast.simphony.query.AbstractPropertyQuery.propertyNotFound(AbstractPropertyQuery.java:90)
	at repast.simphony.query.PropertyLessThanEquals.createPredicate(PropertyLessThanEquals.java:96)
	at repast.simphony.query.AbstractPropertyQuery.query(AbstractPropertyQuery.java:85)
	at mAS_SCMS.Raw_Materials_Supplier_Agent.step(Raw_Materials_Supplier_Agent.java:39)
	at mAS_SCMS.Base_Agent$$FastClassByCGLIB$$eacdba2f.invoke(<generated>)
	at net.sf.cglib.reflect.FastMethod.invoke(FastMethod.java:53)
	at repast.simphony.engine.schedule.DynamicTargetAction.execute(DynamicTargetAction.java:69)
	at repast.simphony.engine.controller.ScheduledMethodControllerAction$ScheduleMethodAllAction.execute(ScheduledMethodControllerAction.java:336)
	at repast.simphony.engine.schedule.DefaultAction.execute(DefaultAction.java:38)
	at repast.simphony.engine.schedule.ScheduleGroup.executeList(ScheduleGroup.java:205)
	at repast.simphony.engine.schedule.ScheduleGroup.execute(ScheduleGroup.java:231)
	at repast.simphony.engine.schedule.Schedule.execute(Schedule.java:352)
	at repast.simphony.ui.GUIScheduleRunner$ScheduleLoopRunnable.run(GUIScheduleRunner.java:52)
	at java.base/java.lang.Thread.run(Thread.java:829)
WARN  [Thread-2] 2021-12-01 06:13:50,248 repast.simphony.query.AbstractPropertyQuery - Possible error while creating property query
java.lang.IllegalArgumentException: Property ' total_rawmaterial_1_Quantity' not found.
	at repast.simphony.query.AbstractPropertyQuery.propertyNotFound(AbstractPropertyQuery.java:90)
	at repast.simphony.query.PropertyLessThanEquals.createPredicate(PropertyLessThanEquals.java:96)
	at repast.simphony.query.AbstractPropertyQuery.query(AbstractPropertyQuery.java:85)
	at mAS_SCMS.Raw_Materials_Supplier_Agent.step(Raw_Materials_Supplier_Agent.java:39)
	at mAS_SCMS.Base_Agent$$FastClassByCGLIB$$eacdba2f.invoke(<generated>)
	at net.sf.cglib.reflect.FastMethod.invoke(FastMethod.java:53)
	at repast.simphony.engine.schedule.DynamicTargetAction.execute(DynamicTargetAction.java:69)
	at repast.simphony.engine.controller.ScheduledMethodControllerAction$ScheduleMethodAllAction.execute(ScheduledMethodControllerAction.java:336)
	at repast.simphony.engine.schedule.DefaultAction.execute(DefaultAction.java:38)
	at repast.simphony.engine.schedule.ScheduleGroup.executeList(ScheduleGroup.java:205)
	at repast.simphony.engine.schedule.ScheduleGroup.execute(ScheduleGroup.java:231)
	at repast.simphony.engine.schedule.Schedule.execute(Schedule.java:352)
	at repast.simphony.ui.GUIScheduleRunner$ScheduleLoopRunnable.run(GUIScheduleRunner.java:52)
	at java.base/java.lang.Thread.run(Thread.java:829)
WARN  [Thread-2] 2021-12-01 06:13:50,514 repast.simphony.query.AbstractPropertyQuery - Possible error while creating property query
java.lang.IllegalArgumentException: Property ' total_rawmaterial_1_Quantity' not found.
	at repast.simphony.query.AbstractPropertyQuery.propertyNotFound(AbstractPropertyQuery.java:90)
	at repast.simphony.query.PropertyLessThanEquals.createPredicate(PropertyLessThanEquals.java:96)
	at repast.simphony.query.AbstractPropertyQuery.query(AbstractPropertyQuery.java:85)
	at mAS_SCMS.Raw_Materials_Supplier_Agent.step(Raw_Materials_Supplier_Agent.java:39)
	at mAS_SCMS.Base_Agent$$FastClassByCGLIB$$eacdba2f.invoke(<generated>)
	at net.sf.cglib.reflect.FastMethod.invoke(FastMethod.java:53)
	at repast.simphony.engine.schedule.DynamicTargetAction.execute(DynamicTargetAction.java:69)
	at repast.simphony.engine.controller.ScheduledMethodControllerAction$ScheduleMethodAllAction.execute(ScheduledMethodControllerAction.java:336)
	at repast.simphony.engine.schedule.DefaultAction.execute(DefaultAction.java:38)
	at repast.simphony.engine.schedule.ScheduleGroup.executeList(ScheduleGroup.java:205)
	at repast.simphony.engine.schedule.ScheduleGroup.execute(ScheduleGroup.java:231)
	at repast.simphony.engine.schedule.Schedule.execute(Schedule.java:352)
	at repast.simphony.ui.GUIScheduleRunner$ScheduleLoopRunnable.run(GUIScheduleRunner.java:52)
	at java.base/java.lang.Thread.run(Thread.java:829)
WARN  [Thread-2] 2021-12-01 06:13:50,576 repast.simphony.query.AbstractPropertyQuery - Possible error while creating property query
java.lang.IllegalArgumentException: Property ' total_rawmaterial_1_Quantity' not found.
	at repast.simphony.query.AbstractPropertyQuery.propertyNotFound(AbstractPropertyQuery.java:90)
	at repast.simphony.query.PropertyLessThanEquals.createPredicate(PropertyLessThanEquals.java:96)
	at repast.simphony.query.AbstractPropertyQuery.query(AbstractPropertyQuery.java:85)
	at mAS_SCMS.Raw_Materials_Supplier_Agent.step(Raw_Materials_Supplier_Agent.java:39)
	at mAS_SCMS.Base_Agent$$FastClassByCGLIB$$eacdba2f.invoke(<generated>)
	at net.sf.cglib.reflect.FastMethod.invoke(FastMethod.java:53)
	at repast.simphony.engine.schedule.DynamicTargetAction.execute(DynamicTargetAction.java:69)
	at repast.simphony.engine.controller.ScheduledMethodControllerAction$ScheduleMethodAllAction.execute(ScheduledMethodControllerAction.java:336)
	at repast.simphony.engine.schedule.DefaultAction.execute(DefaultAction.java:38)
	at repast.simphony.engine.schedule.ScheduleGroup.executeList(ScheduleGroup.java:205)
	at repast.simphony.engine.schedule.ScheduleGroup.execute(ScheduleGroup.java:231)
	at repast.simphony.engine.schedule.Schedule.execute(Schedule.java:352)
	at repast.simphony.ui.GUIScheduleRunner$ScheduleLoopRunnable.run(GUIScheduleRunner.java:52)
	at java.base/java.lang.Thread.run(Thread.java:829)
WARN  [Thread-2] 2021-12-01 06:13:50,764 repast.simphony.query.AbstractPropertyQuery - Possible error while creating property query
java.lang.IllegalArgumentException: Property ' total_rawmaterial_1_Quantity' not found.
	at repast.simphony.query.AbstractPropertyQuery.propertyNotFound(AbstractPropertyQuery.java:90)
	at repast.simphony.query.PropertyLessThanEquals.createPredicate(PropertyLessThanEquals.java:96)
	at repast.simphony.query.AbstractPropertyQuery.query(AbstractPropertyQuery.java:85)
	at mAS_SCMS.Raw_Materials_Supplier_Agent.step(Raw_Materials_Supplier_Agent.java:39)
	at mAS_SCMS.Base_Agent$$FastClassByCGLIB$$eacdba2f.invoke(<generated>)
	at net.sf.cglib.reflect.FastMethod.invoke(FastMethod.java:53)
	at repast.simphony.engine.schedule.DynamicTargetAction.execute(DynamicTargetAction.java:69)
	at repast.simphony.engine.controller.ScheduledMethodControllerAction$ScheduleMethodAllAction.execute(ScheduledMethodControllerAction.java:336)
	at repast.simphony.engine.schedule.DefaultAction.execute(DefaultAction.java:38)
	at repast.simphony.engine.schedule.ScheduleGroup.executeList(ScheduleGroup.java:205)
	at repast.simphony.engine.schedule.ScheduleGroup.execute(ScheduleGroup.java:231)
	at repast.simphony.engine.schedule.Schedule.execute(Schedule.java:352)
	at repast.simphony.ui.GUIScheduleRunner$ScheduleLoopRunnable.run(GUIScheduleRunner.java:52)
	at java.base/java.lang.Thread.run(Thread.java:829)
WARN  [Thread-2] 2021-12-01 06:13:50,811 repast.simphony.query.AbstractPropertyQuery - Possible error while creating property query
java.lang.IllegalArgumentException: Property ' total_rawmaterial_1_Quantity' not found.
	at repast.simphony.query.AbstractPropertyQuery.propertyNotFound(AbstractPropertyQuery.java:90)
	at repast.simphony.query.PropertyLessThanEquals.createPredicate(PropertyLessThanEquals.java:96)
	at repast.simphony.query.AbstractPropertyQuery.query(AbstractPropertyQuery.java:85)
	at mAS_SCMS.Raw_Materials_Supplier_Agent.step(Raw_Materials_Supplier_Agent.java:39)
	at mAS_SCMS.Base_Agent$$FastClassByCGLIB$$eacdba2f.invoke(<generated>)
	at net.sf.cglib.reflect.FastMethod.invoke(FastMethod.java:53)
	at repast.simphony.engine.schedule.DynamicTargetAction.execute(DynamicTargetAction.java:69)
	at repast.simphony.engine.controller.ScheduledMethodControllerAction$ScheduleMethodAllAction.execute(ScheduledMethodControllerAction.java:336)
	at repast.simphony.engine.schedule.DefaultAction.execute(DefaultAction.java:38)
	at repast.simphony.engine.schedule.ScheduleGroup.executeList(ScheduleGroup.java:205)
	at repast.simphony.engine.schedule.ScheduleGroup.execute(ScheduleGroup.java:231)
	at repast.simphony.engine.schedule.Schedule.execute(Schedule.java:352)
	at repast.simphony.ui.GUIScheduleRunner$ScheduleLoopRunnable.run(GUIScheduleRunner.java:52)
	at java.base/java.lang.Thread.run(Thread.java:829)
WARN  [Thread-2] 2021-12-01 06:13:50,936 repast.simphony.query.AbstractPropertyQuery - Possible error while creating property query
java.lang.IllegalArgumentException: Property ' total_rawmaterial_1_Quantity' not found.
	at repast.simphony.query.AbstractPropertyQuery.propertyNotFound(AbstractPropertyQuery.java:90)
	at repast.simphony.query.PropertyLessThanEquals.createPredicate(PropertyLessThanEquals.java:96)
	at repast.simphony.query.AbstractPropertyQuery.query(AbstractPropertyQuery.java:85)
	at mAS_SCMS.Raw_Materials_Supplier_Agent.step(Raw_Materials_Supplier_Agent.java:39)
	at mAS_SCMS.Base_Agent$$FastClassByCGLIB$$eacdba2f.invoke(<generated>)
	at net.sf.cglib.reflect.FastMethod.invoke(FastMethod.java:53)
	at repast.simphony.engine.schedule.DynamicTargetAction.execute(DynamicTargetAction.java:69)
	at repast.simphony.engine.controller.ScheduledMethodControllerAction$ScheduleMethodAllAction.execute(ScheduledMethodControllerAction.java:336)
	at repast.simphony.engine.schedule.DefaultAction.execute(DefaultAction.java:38)
	at repast.simphony.engine.schedule.ScheduleGroup.executeList(ScheduleGroup.java:205)
	at repast.simphony.engine.schedule.ScheduleGroup.execute(ScheduleGroup.java:231)
	at repast.simphony.engine.schedule.Schedule.execute(Schedule.java:352)
	at repast.simphony.ui.GUIScheduleRunner$ScheduleLoopRunnable.run(GUIScheduleRunner.java:52)
	at java.base/java.lang.Thread.run(Thread.java:829)
WARN  [Thread-2] 2021-12-01 06:13:51,014 repast.simphony.query.AbstractPropertyQuery - Possible error while creating property query
java.lang.IllegalArgumentException: Property ' total_rawmaterial_1_Quantity' not found.
	at repast.simphony.query.AbstractPropertyQuery.propertyNotFound(AbstractPropertyQuery.java:90)
	at repast.simphony.query.PropertyLessThanEquals.createPredicate(PropertyLessThanEquals.java:96)
	at repast.simphony.query.AbstractPropertyQuery.query(AbstractPropertyQuery.java:85)
	at mAS_SCMS.Raw_Materials_Supplier_Agent.step(Raw_Materials_Supplier_Agent.java:39)
	at mAS_SCMS.Base_Agent$$FastClassByCGLIB$$eacdba2f.invoke(<generated>)
	at net.sf.cglib.reflect.FastMethod.invoke(FastMethod.java:53)
	at repast.simphony.engine.schedule.DynamicTargetAction.execute(DynamicTargetAction.java:69)
	at repast.simphony.engine.controller.ScheduledMethodControllerAction$ScheduleMethodAllAction.execute(ScheduledMethodControllerAction.java:336)
	at repast.simphony.engine.schedule.DefaultAction.execute(DefaultAction.java:38)
	at repast.simphony.engine.schedule.ScheduleGroup.executeList(ScheduleGroup.java:205)
	at repast.simphony.engine.schedule.ScheduleGroup.execute(ScheduleGroup.java:231)
	at repast.simphony.engine.schedule.Schedule.execute(Schedule.java:352)
	at repast.simphony.ui.GUIScheduleRunner$ScheduleLoopRunnable.run(GUIScheduleRunner.java:52)
	at java.base/java.lang.Thread.run(Thread.java:829)
WARN  [Thread-2] 2021-12-01 06:14:16,239 repast.simphony.query.AbstractPropertyQuery - Possible error while creating property query
java.lang.IllegalArgumentException: Property ' total_rawmaterial_1_Quantity' not found.
	at repast.simphony.query.AbstractPropertyQuery.propertyNotFound(AbstractPropertyQuery.java:90)
	at repast.simphony.query.PropertyLessThanEquals.createPredicate(PropertyLessThanEquals.java:96)
	at repast.simphony.query.AbstractPropertyQuery.query(AbstractPropertyQuery.java:85)
	at mAS_SCMS.Raw_Materials_Supplier_Agent.step(Raw_Materials_Supplier_Agent.java:39)
	at mAS_SCMS.Base_Agent$$FastClassByCGLIB$$eacdba2f.invoke(<generated>)
	at net.sf.cglib.reflect.FastMethod.invoke(FastMethod.java:53)
	at repast.simphony.engine.schedule.DynamicTargetAction.execute(DynamicTargetAction.java:69)
	at repast.simphony.engine.controller.ScheduledMethodControllerAction$ScheduleMethodAllAction.execute(ScheduledMethodControllerAction.java:336)
	at repast.simphony.engine.schedule.DefaultAction.execute(DefaultAction.java:38)
	at repast.simphony.engine.schedule.ScheduleGroup.executeList(ScheduleGroup.java:205)
	at repast.simphony.engine.schedule.ScheduleGroup.execute(ScheduleGroup.java:231)
	at repast.simphony.engine.schedule.Schedule.execute(Schedule.java:352)
	at repast.simphony.ui.GUIScheduleRunner$ScheduleLoopRunnable.run(GUIScheduleRunner.java:52)
	at java.base/java.lang.Thread.run(Thread.java:829)
WARN  [Thread-2] 2021-12-01 06:14:16,355 repast.simphony.query.AbstractPropertyQuery - Possible error while creating property query
java.lang.IllegalArgumentException: Property ' total_rawmaterial_1_Quantity' not found.
	at repast.simphony.query.AbstractPropertyQuery.propertyNotFound(AbstractPropertyQuery.java:90)
	at repast.simphony.query.PropertyLessThanEquals.createPredicate(PropertyLessThanEquals.java:96)
	at repast.simphony.query.AbstractPropertyQuery.query(AbstractPropertyQuery.java:85)
	at mAS_SCMS.Raw_Materials_Supplier_Agent.step(Raw_Materials_Supplier_Agent.java:39)
	at mAS_SCMS.Base_Agent$$FastClassByCGLIB$$eacdba2f.invoke(<generated>)
	at net.sf.cglib.reflect.FastMethod.invoke(FastMethod.java:53)
	at repast.simphony.engine.schedule.DynamicTargetAction.execute(DynamicTargetAction.java:69)
	at repast.simphony.engine.controller.ScheduledMethodControllerAction$ScheduleMethodAllAction.execute(ScheduledMethodControllerAction.java:336)
	at repast.simphony.engine.schedule.DefaultAction.execute(DefaultAction.java:38)
	at repast.simphony.engine.schedule.ScheduleGroup.executeList(ScheduleGroup.java:205)
	at repast.simphony.engine.schedule.ScheduleGroup.execute(ScheduleGroup.java:231)
	at repast.simphony.engine.schedule.Schedule.execute(Schedule.java:352)
	at repast.simphony.ui.GUIScheduleRunner$ScheduleLoopRunnable.run(GUIScheduleRunner.java:52)
	at java.base/java.lang.Thread.run(Thread.java:829)
WARN  [Thread-2] 2021-12-01 06:17:38,047 repast.simphony.query.AbstractPropertyQuery - Possible error while creating property query
java.lang.IllegalArgumentException: Property ' total_rawmaterial_1_Quantity' not found.
	at repast.simphony.query.AbstractPropertyQuery.propertyNotFound(AbstractPropertyQuery.java:90)
	at repast.simphony.query.PropertyLessThanEquals.createPredicate(PropertyLessThanEquals.java:96)
	at repast.simphony.query.AbstractPropertyQuery.query(AbstractPropertyQuery.java:85)
	at mAS_SCMS.Raw_Materials_Supplier_Agent.step(Raw_Materials_Supplier_Agent.java:39)
	at mAS_SCMS.Base_Agent$$FastClassByCGLIB$$eacdba2f.invoke(<generated>)
	at net.sf.cglib.reflect.FastMethod.invoke(FastMethod.java:53)
	at repast.simphony.engine.schedule.DynamicTargetAction.execute(DynamicTargetAction.java:69)
	at repast.simphony.engine.controller.ScheduledMethodControllerAction$ScheduleMethodAllAction.execute(ScheduledMethodControllerAction.java:336)
	at repast.simphony.engine.schedule.DefaultAction.execute(DefaultAction.java:38)
	at repast.simphony.engine.schedule.ScheduleGroup.executeList(ScheduleGroup.java:205)
	at repast.simphony.engine.schedule.ScheduleGroup.execute(ScheduleGroup.java:231)
	at repast.simphony.engine.schedule.Schedule.execute(Schedule.java:352)
	at repast.simphony.ui.GUIScheduleRunner$ScheduleLoopRunnable.run(GUIScheduleRunner.java:52)
	at java.base/java.lang.Thread.run(Thread.java:829)
WARN  [Thread-2] 2021-12-01 06:17:38,159 repast.simphony.query.AbstractPropertyQuery - Possible error while creating property query
java.lang.IllegalArgumentException: Property ' total_rawmaterial_1_Quantity' not found.
	at repast.simphony.query.AbstractPropertyQuery.propertyNotFound(AbstractPropertyQuery.java:90)
	at repast.simphony.query.PropertyLessThanEquals.createPredicate(PropertyLessThanEquals.java:96)
	at repast.simphony.query.AbstractPropertyQuery.query(AbstractPropertyQuery.java:85)
	at mAS_SCMS.Raw_Materials_Supplier_Agent.step(Raw_Materials_Supplier_Agent.java:39)
	at mAS_SCMS.Base_Agent$$FastClassByCGLIB$$eacdba2f.invoke(<generated>)
	at net.sf.cglib.reflect.FastMethod.invoke(FastMethod.java:53)
	at repast.simphony.engine.schedule.DynamicTargetAction.execute(DynamicTargetAction.java:69)
	at repast.simphony.engine.controller.ScheduledMethodControllerAction$ScheduleMethodAllAction.execute(ScheduledMethodControllerAction.java:336)
	at repast.simphony.engine.schedule.DefaultAction.execute(DefaultAction.java:38)
	at repast.simphony.engine.schedule.ScheduleGroup.executeList(ScheduleGroup.java:205)
	at repast.simphony.engine.schedule.ScheduleGroup.execute(ScheduleGroup.java:231)
	at repast.simphony.engine.schedule.Schedule.execute(Schedule.java:352)
	at repast.simphony.ui.GUIScheduleRunner$ScheduleLoopRunnable.run(GUIScheduleRunner.java:52)
	at java.base/java.lang.Thread.run(Thread.java:829)
WARN  [Thread-2] 2021-12-01 06:19:48,788 repast.simphony.query.AbstractPropertyQuery - Possible error while creating property query
java.lang.IllegalArgumentException: Property ' total_rawmaterial_1_Quantity' not found.
	at repast.simphony.query.AbstractPropertyQuery.propertyNotFound(AbstractPropertyQuery.java:90)
	at repast.simphony.query.PropertyLessThanEquals.createPredicate(PropertyLessThanEquals.java:96)
	at repast.simphony.query.AbstractPropertyQuery.query(AbstractPropertyQuery.java:85)
	at mAS_SCMS.Raw_Materials_Supplier_Agent.step(Raw_Materials_Supplier_Agent.java:39)
	at mAS_SCMS.Base_Agent$$FastClassByCGLIB$$eacdba2f.invoke(<generated>)
	at net.sf.cglib.reflect.FastMethod.invoke(FastMethod.java:53)
	at repast.simphony.engine.schedule.DynamicTargetAction.execute(DynamicTargetAction.java:69)
	at repast.simphony.engine.controller.ScheduledMethodControllerAction$ScheduleMethodAllAction.execute(ScheduledMethodControllerAction.java:336)
	at repast.simphony.engine.schedule.DefaultAction.execute(DefaultAction.java:38)
	at repast.simphony.engine.schedule.ScheduleGroup.executeList(ScheduleGroup.java:205)
	at repast.simphony.engine.schedule.ScheduleGroup.execute(ScheduleGroup.java:231)
	at repast.simphony.engine.schedule.Schedule.execute(Schedule.java:352)
	at repast.simphony.ui.GUIScheduleRunner$ScheduleLoopRunnable.run(GUIScheduleRunner.java:52)
	at java.base/java.lang.Thread.run(Thread.java:829)
WARN  [Thread-2] 2021-12-01 06:19:48,876 repast.simphony.query.AbstractPropertyQuery - Possible error while creating property query
java.lang.IllegalArgumentException: Property ' total_rawmaterial_1_Quantity' not found.
	at repast.simphony.query.AbstractPropertyQuery.propertyNotFound(AbstractPropertyQuery.java:90)
	at repast.simphony.query.PropertyLessThanEquals.createPredicate(PropertyLessThanEquals.java:96)
	at repast.simphony.query.AbstractPropertyQuery.query(AbstractPropertyQuery.java:85)
	at mAS_SCMS.Raw_Materials_Supplier_Agent.step(Raw_Materials_Supplier_Agent.java:39)
	at mAS_SCMS.Base_Agent$$FastClassByCGLIB$$eacdba2f.invoke(<generated>)
	at net.sf.cglib.reflect.FastMethod.invoke(FastMethod.java:53)
	at repast.simphony.engine.schedule.DynamicTargetAction.execute(DynamicTargetAction.java:69)
	at repast.simphony.engine.controller.ScheduledMethodControllerAction$ScheduleMethodAllAction.execute(ScheduledMethodControllerAction.java:336)
	at repast.simphony.engine.schedule.DefaultAction.execute(DefaultAction.java:38)
	at repast.simphony.engine.schedule.ScheduleGroup.executeList(ScheduleGroup.java:205)
	at repast.simphony.engine.schedule.ScheduleGroup.execute(ScheduleGroup.java:231)
	at repast.simphony.engine.schedule.Schedule.execute(Schedule.java:352)
	at repast.simphony.ui.GUIScheduleRunner$ScheduleLoopRunnable.run(GUIScheduleRunner.java:52)
	at java.base/java.lang.Thread.run(Thread.java:829)
WARN  [Thread-2] 2021-12-01 06:23:35,693 repast.simphony.query.AbstractPropertyQuery - Possible error while creating property query
java.lang.IllegalArgumentException: Property ' total_rawmaterial_1_Quantity' not found.
	at repast.simphony.query.AbstractPropertyQuery.propertyNotFound(AbstractPropertyQuery.java:90)
	at repast.simphony.query.PropertyLessThanEquals.createPredicate(PropertyLessThanEquals.java:96)
	at repast.simphony.query.AbstractPropertyQuery.query(AbstractPropertyQuery.java:85)
	at mAS_SCMS.Raw_Materials_Supplier_Agent.step(Raw_Materials_Supplier_Agent.java:39)
	at mAS_SCMS.Base_Agent$$FastClassByCGLIB$$eacdba2f.invoke(<generated>)
	at net.sf.cglib.reflect.FastMethod.invoke(FastMethod.java:53)
	at repast.simphony.engine.schedule.DynamicTargetAction.execute(DynamicTargetAction.java:69)
	at repast.simphony.engine.controller.ScheduledMethodControllerAction$ScheduleMethodAllAction.execute(ScheduledMethodControllerAction.java:336)
	at repast.simphony.engine.schedule.DefaultAction.execute(DefaultAction.java:38)
	at repast.simphony.engine.schedule.ScheduleGroup.executeList(ScheduleGroup.java:205)
	at repast.simphony.engine.schedule.ScheduleGroup.execute(ScheduleGroup.java:231)
	at repast.simphony.engine.schedule.Schedule.execute(Schedule.java:352)
	at repast.simphony.ui.GUIScheduleRunner$ScheduleLoopRunnable.run(GUIScheduleRunner.java:52)
	at java.base/java.lang.Thread.run(Thread.java:829)
WARN  [Thread-2] 2021-12-01 06:23:35,826 repast.simphony.query.AbstractPropertyQuery - Possible error while creating property query
java.lang.IllegalArgumentException: Property ' total_rawmaterial_1_Quantity' not found.
	at repast.simphony.query.AbstractPropertyQuery.propertyNotFound(AbstractPropertyQuery.java:90)
	at repast.simphony.query.PropertyLessThanEquals.createPredicate(PropertyLessThanEquals.java:96)
	at repast.simphony.query.AbstractPropertyQuery.query(AbstractPropertyQuery.java:85)
	at mAS_SCMS.Raw_Materials_Supplier_Agent.step(Raw_Materials_Supplier_Agent.java:39)
	at mAS_SCMS.Base_Agent$$FastClassByCGLIB$$eacdba2f.invoke(<generated>)
	at net.sf.cglib.reflect.FastMethod.invoke(FastMethod.java:53)
	at repast.simphony.engine.schedule.DynamicTargetAction.execute(DynamicTargetAction.java:69)
	at repast.simphony.engine.controller.ScheduledMethodControllerAction$ScheduleMethodAllAction.execute(ScheduledMethodControllerAction.java:336)
	at repast.simphony.engine.schedule.DefaultAction.execute(DefaultAction.java:38)
	at repast.simphony.engine.schedule.ScheduleGroup.executeList(ScheduleGroup.java:205)
	at repast.simphony.engine.schedule.ScheduleGroup.execute(ScheduleGroup.java:231)
	at repast.simphony.engine.schedule.Schedule.execute(Schedule.java:352)
	at repast.simphony.ui.GUIScheduleRunner$ScheduleLoopRunnable.run(GUIScheduleRunner.java:52)
	at java.base/java.lang.Thread.run(Thread.java:829)
WARN  [Thread-2] 2021-12-01 06:25:39,572 repast.simphony.query.AbstractPropertyQuery - Possible error while creating property query
java.lang.IllegalArgumentException: Property ' total_rawmaterial_1_Quantity' not found.
	at repast.simphony.query.AbstractPropertyQuery.propertyNotFound(AbstractPropertyQuery.java:90)
	at repast.simphony.query.PropertyLessThanEquals.createPredicate(PropertyLessThanEquals.java:96)
	at repast.simphony.query.AbstractPropertyQuery.query(AbstractPropertyQuery.java:85)
	at mAS_SCMS.Raw_Materials_Supplier_Agent.step(Raw_Materials_Supplier_Agent.java:39)
	at mAS_SCMS.Base_Agent$$FastClassByCGLIB$$eacdba2f.invoke(<generated>)
	at net.sf.cglib.reflect.FastMethod.invoke(FastMethod.java:53)
	at repast.simphony.engine.schedule.DynamicTargetAction.execute(DynamicTargetAction.java:69)
	at repast.simphony.engine.controller.ScheduledMethodControllerAction$ScheduleMethodAllAction.execute(ScheduledMethodControllerAction.java:336)
	at repast.simphony.engine.schedule.DefaultAction.execute(DefaultAction.java:38)
	at repast.simphony.engine.schedule.ScheduleGroup.executeList(ScheduleGroup.java:205)
	at repast.simphony.engine.schedule.ScheduleGroup.execute(ScheduleGroup.java:231)
	at repast.simphony.engine.schedule.Schedule.execute(Schedule.java:352)
	at repast.simphony.ui.GUIScheduleRunner$ScheduleLoopRunnable.run(GUIScheduleRunner.java:52)
	at java.base/java.lang.Thread.run(Thread.java:829)
WARN  [Thread-2] 2021-12-01 06:25:39,710 repast.simphony.query.AbstractPropertyQuery - Possible error while creating property query
java.lang.IllegalArgumentException: Property ' total_rawmaterial_1_Quantity' not found.
	at repast.simphony.query.AbstractPropertyQuery.propertyNotFound(AbstractPropertyQuery.java:90)
	at repast.simphony.query.PropertyLessThanEquals.createPredicate(PropertyLessThanEquals.java:96)
	at repast.simphony.query.AbstractPropertyQuery.query(AbstractPropertyQuery.java:85)
	at mAS_SCMS.Raw_Materials_Supplier_Agent.step(Raw_Materials_Supplier_Agent.java:39)
	at mAS_SCMS.Base_Agent$$FastClassByCGLIB$$eacdba2f.invoke(<generated>)
	at net.sf.cglib.reflect.FastMethod.invoke(FastMethod.java:53)
	at repast.simphony.engine.schedule.DynamicTargetAction.execute(DynamicTargetAction.java:69)
	at repast.simphony.engine.controller.ScheduledMethodControllerAction$ScheduleMethodAllAction.execute(ScheduledMethodControllerAction.java:336)
	at repast.simphony.engine.schedule.DefaultAction.execute(DefaultAction.java:38)
	at repast.simphony.engine.schedule.ScheduleGroup.executeList(ScheduleGroup.java:205)
	at repast.simphony.engine.schedule.ScheduleGroup.execute(ScheduleGroup.java:231)
	at repast.simphony.engine.schedule.Schedule.execute(Schedule.java:352)
	at repast.simphony.ui.GUIScheduleRunner$ScheduleLoopRunnable.run(GUIScheduleRunner.java:52)
	at java.base/java.lang.Thread.run(Thread.java:829)
WARN  [Thread-2] 2021-12-01 06:33:44,296 repast.simphony.query.AbstractPropertyQuery - Possible error while creating property query
java.lang.IllegalArgumentException: Property 'total_rawmaterial_1_Quantity' not found.
	at repast.simphony.query.AbstractPropertyQuery.propertyNotFound(AbstractPropertyQuery.java:90)
	at repast.simphony.query.PropertyLessThan.createPredicate(PropertyLessThan.java:96)
	at repast.simphony.query.AbstractPropertyQuery.query(AbstractPropertyQuery.java:85)
	at mAS_SCMS.Raw_Materials_Supplier_Agent.step(Raw_Materials_Supplier_Agent.java:37)
	at mAS_SCMS.Base_Agent$$FastClassByCGLIB$$eacdba2f.invoke(<generated>)
	at net.sf.cglib.reflect.FastMethod.invoke(FastMethod.java:53)
	at repast.simphony.engine.schedule.DynamicTargetAction.execute(DynamicTargetAction.java:69)
	at repast.simphony.engine.controller.ScheduledMethodControllerAction$ScheduleMethodAllAction.execute(ScheduledMethodControllerAction.java:336)
	at repast.simphony.engine.schedule.DefaultAction.execute(DefaultAction.java:38)
	at repast.simphony.engine.schedule.ScheduleGroup.executeList(ScheduleGroup.java:205)
	at repast.simphony.engine.schedule.ScheduleGroup.execute(ScheduleGroup.java:231)
	at repast.simphony.engine.schedule.Schedule.execute(Schedule.java:352)
	at repast.simphony.ui.GUIScheduleRunner$ScheduleLoopRunnable.run(GUIScheduleRunner.java:52)
	at java.base/java.lang.Thread.run(Thread.java:829)
WARN  [Thread-2] 2021-12-01 06:33:44,418 repast.simphony.query.AbstractPropertyQuery - Possible error while creating property query
java.lang.IllegalArgumentException: Property 'total_rawmaterial_1_Quantity' not found.
	at repast.simphony.query.AbstractPropertyQuery.propertyNotFound(AbstractPropertyQuery.java:90)
	at repast.simphony.query.PropertyLessThan.createPredicate(PropertyLessThan.java:96)
	at repast.simphony.query.AbstractPropertyQuery.query(AbstractPropertyQuery.java:85)
	at mAS_SCMS.Raw_Materials_Supplier_Agent.step(Raw_Materials_Supplier_Agent.java:37)
	at mAS_SCMS.Base_Agent$$FastClassByCGLIB$$eacdba2f.invoke(<generated>)
	at net.sf.cglib.reflect.FastMethod.invoke(FastMethod.java:53)
	at repast.simphony.engine.schedule.DynamicTargetAction.execute(DynamicTargetAction.java:69)
	at repast.simphony.engine.controller.ScheduledMethodControllerAction$ScheduleMethodAllAction.execute(ScheduledMethodControllerAction.java:336)
	at repast.simphony.engine.schedule.DefaultAction.execute(DefaultAction.java:38)
	at repast.simphony.engine.schedule.ScheduleGroup.executeList(ScheduleGroup.java:205)
	at repast.simphony.engine.schedule.ScheduleGroup.execute(ScheduleGroup.java:231)
	at repast.simphony.engine.schedule.Schedule.execute(Schedule.java:352)
	at repast.simphony.ui.GUIScheduleRunner$ScheduleLoopRunnable.run(GUIScheduleRunner.java:52)
	at java.base/java.lang.Thread.run(Thread.java:829)
WARN  [Thread-2] 2021-12-01 08:40:22,312 repast.simphony.query.AbstractPropertyQuery - Possible error while creating property query
java.lang.IllegalArgumentException: Property ' retailer_current_Storage_Quantity' not found.
	at repast.simphony.query.AbstractPropertyQuery.propertyNotFound(AbstractPropertyQuery.java:90)
	at repast.simphony.query.PropertyLessThanEquals.createPredicate(PropertyLessThanEquals.java:96)
	at repast.simphony.query.AbstractPropertyQuery.query(AbstractPropertyQuery.java:85)
	at mAS_SCMS.Distributor_Agent.step(Distributor_Agent.java:35)
	at mAS_SCMS.Base_Agent$$FastClassByCGLIB$$eacdba2f.invoke(<generated>)
	at net.sf.cglib.reflect.FastMethod.invoke(FastMethod.java:53)
	at repast.simphony.engine.schedule.DynamicTargetAction.execute(DynamicTargetAction.java:69)
	at repast.simphony.engine.controller.ScheduledMethodControllerAction$ScheduleMethodAllAction.execute(ScheduledMethodControllerAction.java:336)
	at repast.simphony.engine.schedule.DefaultAction.execute(DefaultAction.java:38)
	at repast.simphony.engine.schedule.ScheduleGroup.executeList(ScheduleGroup.java:205)
	at repast.simphony.engine.schedule.ScheduleGroup.execute(ScheduleGroup.java:231)
	at repast.simphony.engine.schedule.Schedule.execute(Schedule.java:352)
	at repast.simphony.ui.GUIScheduleRunner$ScheduleLoopRunnable.run(GUIScheduleRunner.java:52)
	at java.base/java.lang.Thread.run(Thread.java:829)
WARN  [Thread-2] 2021-12-01 08:40:22,369 repast.simphony.query.AbstractPropertyQuery - Possible error while creating property query
java.lang.IllegalArgumentException: Property ' retailer_current_Storage_Quantity' not found.
	at repast.simphony.query.AbstractPropertyQuery.propertyNotFound(AbstractPropertyQuery.java:90)
	at repast.simphony.query.PropertyLessThanEquals.createPredicate(PropertyLessThanEquals.java:96)
	at repast.simphony.query.AbstractPropertyQuery.query(AbstractPropertyQuery.java:85)
	at mAS_SCMS.Distributor_Agent.step(Distributor_Agent.java:35)
	at mAS_SCMS.Base_Agent$$FastClassByCGLIB$$eacdba2f.invoke(<generated>)
	at net.sf.cglib.reflect.FastMethod.invoke(FastMethod.java:53)
	at repast.simphony.engine.schedule.DynamicTargetAction.execute(DynamicTargetAction.java:69)
	at repast.simphony.engine.controller.ScheduledMethodControllerAction$ScheduleMethodAllAction.execute(ScheduledMethodControllerAction.java:336)
	at repast.simphony.engine.schedule.DefaultAction.execute(DefaultAction.java:38)
	at repast.simphony.engine.schedule.ScheduleGroup.executeList(ScheduleGroup.java:205)
	at repast.simphony.engine.schedule.ScheduleGroup.execute(ScheduleGroup.java:231)
	at repast.simphony.engine.schedule.Schedule.execute(Schedule.java:352)
	at repast.simphony.ui.GUIScheduleRunner$ScheduleLoopRunnable.run(GUIScheduleRunner.java:52)
	at java.base/java.lang.Thread.run(Thread.java:829)
WARN  [Thread-2] 2021-12-01 08:40:22,447 repast.simphony.query.AbstractPropertyQuery - Possible error while creating property query
java.lang.IllegalArgumentException: Property ' retailer_current_Storage_Quantity' not found.
	at repast.simphony.query.AbstractPropertyQuery.propertyNotFound(AbstractPropertyQuery.java:90)
	at repast.simphony.query.PropertyLessThanEquals.createPredicate(PropertyLessThanEquals.java:96)
	at repast.simphony.query.AbstractPropertyQuery.query(AbstractPropertyQuery.java:85)
	at mAS_SCMS.Distributor_Agent.step(Distributor_Agent.java:35)
	at mAS_SCMS.Base_Agent$$FastClassByCGLIB$$eacdba2f.invoke(<generated>)
	at net.sf.cglib.reflect.FastMethod.invoke(FastMethod.java:53)
	at repast.simphony.engine.schedule.DynamicTargetAction.execute(DynamicTargetAction.java:69)
	at repast.simphony.engine.controller.ScheduledMethodControllerAction$ScheduleMethodAllAction.execute(ScheduledMethodControllerAction.java:336)
	at repast.simphony.engine.schedule.DefaultAction.execute(DefaultAction.java:38)
	at repast.simphony.engine.schedule.ScheduleGroup.executeList(ScheduleGroup.java:205)
	at repast.simphony.engine.schedule.ScheduleGroup.execute(ScheduleGroup.java:231)
	at repast.simphony.engine.schedule.Schedule.execute(Schedule.java:352)
	at repast.simphony.ui.GUIScheduleRunner$ScheduleLoopRunnable.run(GUIScheduleRunner.java:52)
	at java.base/java.lang.Thread.run(Thread.java:829)
WARN  [Thread-2] 2021-12-01 08:40:22,479 repast.simphony.query.AbstractPropertyQuery - Possible error while creating property query
java.lang.IllegalArgumentException: Property 'total_rawmaterial_1_Quantity' not found.
	at repast.simphony.query.AbstractPropertyQuery.propertyNotFound(AbstractPropertyQuery.java:90)
	at repast.simphony.query.PropertyLessThan.createPredicate(PropertyLessThan.java:96)
	at repast.simphony.query.AbstractPropertyQuery.query(AbstractPropertyQuery.java:85)
	at mAS_SCMS.Raw_Materials_Supplier_Agent.step(Raw_Materials_Supplier_Agent.java:37)
	at mAS_SCMS.Base_Agent$$FastClassByCGLIB$$eacdba2f.invoke(<generated>)
	at net.sf.cglib.reflect.FastMethod.invoke(FastMethod.java:53)
	at repast.simphony.engine.schedule.DynamicTargetAction.execute(DynamicTargetAction.java:69)
	at repast.simphony.engine.controller.ScheduledMethodControllerAction$ScheduleMethodAllAction.execute(ScheduledMethodControllerAction.java:336)
	at repast.simphony.engine.schedule.DefaultAction.execute(DefaultAction.java:38)
	at repast.simphony.engine.schedule.ScheduleGroup.executeList(ScheduleGroup.java:205)
	at repast.simphony.engine.schedule.ScheduleGroup.execute(ScheduleGroup.java:231)
	at repast.simphony.engine.schedule.Schedule.execute(Schedule.java:352)
	at repast.simphony.ui.GUIScheduleRunner$ScheduleLoopRunnable.run(GUIScheduleRunner.java:52)
	at java.base/java.lang.Thread.run(Thread.java:829)
WARN  [Thread-2] 2021-12-01 08:40:22,588 repast.simphony.query.AbstractPropertyQuery - Possible error while creating property query
java.lang.IllegalArgumentException: Property ' retailer_current_Storage_Quantity' not found.
	at repast.simphony.query.AbstractPropertyQuery.propertyNotFound(AbstractPropertyQuery.java:90)
	at repast.simphony.query.PropertyLessThanEquals.createPredicate(PropertyLessThanEquals.java:96)
	at repast.simphony.query.AbstractPropertyQuery.query(AbstractPropertyQuery.java:85)
	at mAS_SCMS.Distributor_Agent.step(Distributor_Agent.java:35)
	at mAS_SCMS.Base_Agent$$FastClassByCGLIB$$eacdba2f.invoke(<generated>)
	at net.sf.cglib.reflect.FastMethod.invoke(FastMethod.java:53)
	at repast.simphony.engine.schedule.DynamicTargetAction.execute(DynamicTargetAction.java:69)
	at repast.simphony.engine.controller.ScheduledMethodControllerAction$ScheduleMethodAllAction.execute(ScheduledMethodControllerAction.java:336)
	at repast.simphony.engine.schedule.DefaultAction.execute(DefaultAction.java:38)
	at repast.simphony.engine.schedule.ScheduleGroup.executeList(ScheduleGroup.java:205)
	at repast.simphony.engine.schedule.ScheduleGroup.execute(ScheduleGroup.java:231)
	at repast.simphony.engine.schedule.Schedule.execute(Schedule.java:352)
	at repast.simphony.ui.GUIScheduleRunner$ScheduleLoopRunnable.run(GUIScheduleRunner.java:52)
	at java.base/java.lang.Thread.run(Thread.java:829)
WARN  [Thread-2] 2021-12-01 08:40:22,619 repast.simphony.query.AbstractPropertyQuery - Possible error while creating property query
java.lang.IllegalArgumentException: Property ' retailer_current_Storage_Quantity' not found.
	at repast.simphony.query.AbstractPropertyQuery.propertyNotFound(AbstractPropertyQuery.java:90)
	at repast.simphony.query.PropertyLessThanEquals.createPredicate(PropertyLessThanEquals.java:96)
	at repast.simphony.query.AbstractPropertyQuery.query(AbstractPropertyQuery.java:85)
	at mAS_SCMS.Distributor_Agent.step(Distributor_Agent.java:35)
	at mAS_SCMS.Base_Agent$$FastClassByCGLIB$$eacdba2f.invoke(<generated>)
	at net.sf.cglib.reflect.FastMethod.invoke(FastMethod.java:53)
	at repast.simphony.engine.schedule.DynamicTargetAction.execute(DynamicTargetAction.java:69)
	at repast.simphony.engine.controller.ScheduledMethodControllerAction$ScheduleMethodAllAction.execute(ScheduledMethodControllerAction.java:336)
	at repast.simphony.engine.schedule.DefaultAction.execute(DefaultAction.java:38)
	at repast.simphony.engine.schedule.ScheduleGroup.executeList(ScheduleGroup.java:205)
	at repast.simphony.engine.schedule.ScheduleGroup.execute(ScheduleGroup.java:231)
	at repast.simphony.engine.schedule.Schedule.execute(Schedule.java:352)
	at repast.simphony.ui.GUIScheduleRunner$ScheduleLoopRunnable.run(GUIScheduleRunner.java:52)
	at java.base/java.lang.Thread.run(Thread.java:829)
WARN  [Thread-2] 2021-12-01 08:40:22,650 repast.simphony.query.AbstractPropertyQuery - Possible error while creating property query
java.lang.IllegalArgumentException: Property 'total_rawmaterial_1_Quantity' not found.
	at repast.simphony.query.AbstractPropertyQuery.propertyNotFound(AbstractPropertyQuery.java:90)
	at repast.simphony.query.PropertyLessThan.createPredicate(PropertyLessThan.java:96)
	at repast.simphony.query.AbstractPropertyQuery.query(AbstractPropertyQuery.java:85)
	at mAS_SCMS.Raw_Materials_Supplier_Agent.step(Raw_Materials_Supplier_Agent.java:37)
	at mAS_SCMS.Base_Agent$$FastClassByCGLIB$$eacdba2f.invoke(<generated>)
	at net.sf.cglib.reflect.FastMethod.invoke(FastMethod.java:53)
	at repast.simphony.engine.schedule.DynamicTargetAction.execute(DynamicTargetAction.java:69)
	at repast.simphony.engine.controller.ScheduledMethodControllerAction$ScheduleMethodAllAction.execute(ScheduledMethodControllerAction.java:336)
	at repast.simphony.engine.schedule.DefaultAction.execute(DefaultAction.java:38)
	at repast.simphony.engine.schedule.ScheduleGroup.executeList(ScheduleGroup.java:205)
	at repast.simphony.engine.schedule.ScheduleGroup.execute(ScheduleGroup.java:231)
	at repast.simphony.engine.schedule.Schedule.execute(Schedule.java:352)
	at repast.simphony.ui.GUIScheduleRunner$ScheduleLoopRunnable.run(GUIScheduleRunner.java:52)
	at java.base/java.lang.Thread.run(Thread.java:829)
WARN  [Thread-2] 2021-12-01 11:17:17,951 repast.simphony.query.AbstractPropertyQuery - Possible error while creating property query
java.lang.IllegalArgumentException: Property ' retailer_current_Storage_Quantity' not found.
	at repast.simphony.query.AbstractPropertyQuery.propertyNotFound(AbstractPropertyQuery.java:90)
	at repast.simphony.query.PropertyLessThanEquals.createPredicate(PropertyLessThanEquals.java:96)
	at repast.simphony.query.AbstractPropertyQuery.query(AbstractPropertyQuery.java:85)
	at mAS_SCMS.Distributor_Agent.step(Distributor_Agent.java:35)
	at mAS_SCMS.Base_Agent$$FastClassByCGLIB$$eacdba2f.invoke(<generated>)
	at net.sf.cglib.reflect.FastMethod.invoke(FastMethod.java:53)
	at repast.simphony.engine.schedule.DynamicTargetAction.execute(DynamicTargetAction.java:69)
	at repast.simphony.engine.controller.ScheduledMethodControllerAction$ScheduleMethodAllAction.execute(ScheduledMethodControllerAction.java:336)
	at repast.simphony.engine.schedule.DefaultAction.execute(DefaultAction.java:38)
	at repast.simphony.engine.schedule.ScheduleGroup.executeList(ScheduleGroup.java:205)
	at repast.simphony.engine.schedule.ScheduleGroup.execute(ScheduleGroup.java:231)
	at repast.simphony.engine.schedule.Schedule.execute(Schedule.java:352)
	at repast.simphony.ui.GUIScheduleRunner$ScheduleLoopRunnable.run(GUIScheduleRunner.java:52)
	at java.base/java.lang.Thread.run(Thread.java:829)
WARN  [Thread-2] 2021-12-01 11:17:18,053 repast.simphony.query.AbstractPropertyQuery - Possible error while creating property query
java.lang.IllegalArgumentException: Property ' retailer_current_Storage_Quantity' not found.
	at repast.simphony.query.AbstractPropertyQuery.propertyNotFound(AbstractPropertyQuery.java:90)
	at repast.simphony.query.PropertyLessThanEquals.createPredicate(PropertyLessThanEquals.java:96)
	at repast.simphony.query.AbstractPropertyQuery.query(AbstractPropertyQuery.java:85)
	at mAS_SCMS.Distributor_Agent.step(Distributor_Agent.java:35)
	at mAS_SCMS.Base_Agent$$FastClassByCGLIB$$eacdba2f.invoke(<generated>)
	at net.sf.cglib.reflect.FastMethod.invoke(FastMethod.java:53)
	at repast.simphony.engine.schedule.DynamicTargetAction.execute(DynamicTargetAction.java:69)
	at repast.simphony.engine.controller.ScheduledMethodControllerAction$ScheduleMethodAllAction.execute(ScheduledMethodControllerAction.java:336)
	at repast.simphony.engine.schedule.DefaultAction.execute(DefaultAction.java:38)
	at repast.simphony.engine.schedule.ScheduleGroup.executeList(ScheduleGroup.java:205)
	at repast.simphony.engine.schedule.ScheduleGroup.execute(ScheduleGroup.java:231)
	at repast.simphony.engine.schedule.Schedule.execute(Schedule.java:352)
	at repast.simphony.ui.GUIScheduleRunner$ScheduleLoopRunnable.run(GUIScheduleRunner.java:52)
	at java.base/java.lang.Thread.run(Thread.java:829)
WARN  [Thread-2] 2021-12-01 11:17:18,116 repast.simphony.query.AbstractPropertyQuery - Possible error while creating property query
java.lang.IllegalArgumentException: Property ' retailer_current_Storage_Quantity' not found.
	at repast.simphony.query.AbstractPropertyQuery.propertyNotFound(AbstractPropertyQuery.java:90)
	at repast.simphony.query.PropertyLessThanEquals.createPredicate(PropertyLessThanEquals.java:96)
	at repast.simphony.query.AbstractPropertyQuery.query(AbstractPropertyQuery.java:85)
	at mAS_SCMS.Distributor_Agent.step(Distributor_Agent.java:35)
	at mAS_SCMS.Base_Agent$$FastClassByCGLIB$$eacdba2f.invoke(<generated>)
	at net.sf.cglib.reflect.FastMethod.invoke(FastMethod.java:53)
	at repast.simphony.engine.schedule.DynamicTargetAction.execute(DynamicTargetAction.java:69)
	at repast.simphony.engine.controller.ScheduledMethodControllerAction$ScheduleMethodAllAction.execute(ScheduledMethodControllerAction.java:336)
	at repast.simphony.engine.schedule.DefaultAction.execute(DefaultAction.java:38)
	at repast.simphony.engine.schedule.ScheduleGroup.executeList(ScheduleGroup.java:205)
	at repast.simphony.engine.schedule.ScheduleGroup.execute(ScheduleGroup.java:231)
	at repast.simphony.engine.schedule.Schedule.execute(Schedule.java:352)
	at repast.simphony.ui.GUIScheduleRunner$ScheduleLoopRunnable.run(GUIScheduleRunner.java:52)
	at java.base/java.lang.Thread.run(Thread.java:829)
WARN  [Thread-2] 2021-12-01 11:17:18,178 repast.simphony.query.AbstractPropertyQuery - Possible error while creating property query
java.lang.IllegalArgumentException: Property 'total_rawmaterial_1_Quantity' not found.
	at repast.simphony.query.AbstractPropertyQuery.propertyNotFound(AbstractPropertyQuery.java:90)
	at repast.simphony.query.PropertyLessThan.createPredicate(PropertyLessThan.java:96)
	at repast.simphony.query.AbstractPropertyQuery.query(AbstractPropertyQuery.java:85)
	at mAS_SCMS.Raw_Materials_Supplier_Agent.step(Raw_Materials_Supplier_Agent.java:38)
	at mAS_SCMS.Base_Agent$$FastClassByCGLIB$$eacdba2f.invoke(<generated>)
	at net.sf.cglib.reflect.FastMethod.invoke(FastMethod.java:53)
	at repast.simphony.engine.schedule.DynamicTargetAction.execute(DynamicTargetAction.java:69)
	at repast.simphony.engine.controller.ScheduledMethodControllerAction$ScheduleMethodAllAction.execute(ScheduledMethodControllerAction.java:336)
	at repast.simphony.engine.schedule.DefaultAction.execute(DefaultAction.java:38)
	at repast.simphony.engine.schedule.ScheduleGroup.executeList(ScheduleGroup.java:205)
	at repast.simphony.engine.schedule.ScheduleGroup.execute(ScheduleGroup.java:231)
	at repast.simphony.engine.schedule.Schedule.execute(Schedule.java:352)
	at repast.simphony.ui.GUIScheduleRunner$ScheduleLoopRunnable.run(GUIScheduleRunner.java:52)
	at java.base/java.lang.Thread.run(Thread.java:829)
WARN  [Thread-2] 2021-12-01 11:17:18,303 repast.simphony.query.AbstractPropertyQuery - Possible error while creating property query
java.lang.IllegalArgumentException: Property ' retailer_current_Storage_Quantity' not found.
	at repast.simphony.query.AbstractPropertyQuery.propertyNotFound(AbstractPropertyQuery.java:90)
	at repast.simphony.query.PropertyLessThanEquals.createPredicate(PropertyLessThanEquals.java:96)
	at repast.simphony.query.AbstractPropertyQuery.query(AbstractPropertyQuery.java:85)
	at mAS_SCMS.Distributor_Agent.step(Distributor_Agent.java:35)
	at mAS_SCMS.Base_Agent$$FastClassByCGLIB$$eacdba2f.invoke(<generated>)
	at net.sf.cglib.reflect.FastMethod.invoke(FastMethod.java:53)
	at repast.simphony.engine.schedule.DynamicTargetAction.execute(DynamicTargetAction.java:69)
	at repast.simphony.engine.controller.ScheduledMethodControllerAction$ScheduleMethodAllAction.execute(ScheduledMethodControllerAction.java:336)
	at repast.simphony.engine.schedule.DefaultAction.execute(DefaultAction.java:38)
	at repast.simphony.engine.schedule.ScheduleGroup.executeList(ScheduleGroup.java:205)
	at repast.simphony.engine.schedule.ScheduleGroup.execute(ScheduleGroup.java:231)
	at repast.simphony.engine.schedule.Schedule.execute(Schedule.java:352)
	at repast.simphony.ui.GUIScheduleRunner$ScheduleLoopRunnable.run(GUIScheduleRunner.java:52)
	at java.base/java.lang.Thread.run(Thread.java:829)
WARN  [Thread-2] 2021-12-01 11:17:18,334 repast.simphony.query.AbstractPropertyQuery - Possible error while creating property query
java.lang.IllegalArgumentException: Property ' retailer_current_Storage_Quantity' not found.
	at repast.simphony.query.AbstractPropertyQuery.propertyNotFound(AbstractPropertyQuery.java:90)
	at repast.simphony.query.PropertyLessThanEquals.createPredicate(PropertyLessThanEquals.java:96)
	at repast.simphony.query.AbstractPropertyQuery.query(AbstractPropertyQuery.java:85)
	at mAS_SCMS.Distributor_Agent.step(Distributor_Agent.java:35)
	at mAS_SCMS.Base_Agent$$FastClassByCGLIB$$eacdba2f.invoke(<generated>)
	at net.sf.cglib.reflect.FastMethod.invoke(FastMethod.java:53)
	at repast.simphony.engine.schedule.DynamicTargetAction.execute(DynamicTargetAction.java:69)
	at repast.simphony.engine.controller.ScheduledMethodControllerAction$ScheduleMethodAllAction.execute(ScheduledMethodControllerAction.java:336)
	at repast.simphony.engine.schedule.DefaultAction.execute(DefaultAction.java:38)
	at repast.simphony.engine.schedule.ScheduleGroup.executeList(ScheduleGroup.java:205)
	at repast.simphony.engine.schedule.ScheduleGroup.execute(ScheduleGroup.java:231)
	at repast.simphony.engine.schedule.Schedule.execute(Schedule.java:352)
	at repast.simphony.ui.GUIScheduleRunner$ScheduleLoopRunnable.run(GUIScheduleRunner.java:52)
	at java.base/java.lang.Thread.run(Thread.java:829)
WARN  [Thread-2] 2021-12-01 11:17:18,397 repast.simphony.query.AbstractPropertyQuery - Possible error while creating property query
java.lang.IllegalArgumentException: Property 'total_rawmaterial_1_Quantity' not found.
	at repast.simphony.query.AbstractPropertyQuery.propertyNotFound(AbstractPropertyQuery.java:90)
	at repast.simphony.query.PropertyLessThan.createPredicate(PropertyLessThan.java:96)
	at repast.simphony.query.AbstractPropertyQuery.query(AbstractPropertyQuery.java:85)
	at mAS_SCMS.Raw_Materials_Supplier_Agent.step(Raw_Materials_Supplier_Agent.java:38)
	at mAS_SCMS.Base_Agent$$FastClassByCGLIB$$eacdba2f.invoke(<generated>)
	at net.sf.cglib.reflect.FastMethod.invoke(FastMethod.java:53)
	at repast.simphony.engine.schedule.DynamicTargetAction.execute(DynamicTargetAction.java:69)
	at repast.simphony.engine.controller.ScheduledMethodControllerAction$ScheduleMethodAllAction.execute(ScheduledMethodControllerAction.java:336)
	at repast.simphony.engine.schedule.DefaultAction.execute(DefaultAction.java:38)
	at repast.simphony.engine.schedule.ScheduleGroup.executeList(ScheduleGroup.java:205)
	at repast.simphony.engine.schedule.ScheduleGroup.execute(ScheduleGroup.java:231)
	at repast.simphony.engine.schedule.Schedule.execute(Schedule.java:352)
	at repast.simphony.ui.GUIScheduleRunner$ScheduleLoopRunnable.run(GUIScheduleRunner.java:52)
	at java.base/java.lang.Thread.run(Thread.java:829)
