2021-12-01 05:51:40,088 - Velocimacro : autoload off  : VM system will not automatically reload global library macros
2021-12-01 05:51:40,088 - Velocimacro : initialization complete.
2021-12-01 05:51:40,088 - Velocity successfully started.
2021-12-01 06:00:09,707 - SimpleLog4JLogSystem initialized using logfile 'velocity.log'
2021-12-01 06:00:09,707 - ************************************************************** 
2021-12-01 06:00:09,707 - Starting Jakarta Velocity v1.4
2021-12-01 06:00:09,707 - RuntimeInstance initializing.
2021-12-01 06:00:09,717 - Default Properties File: org\apache\velocity\runtime\defaults\velocity.properties
2021-12-01 06:00:09,718 - Trying to use logger class org.apache.velocity.runtime.log.SimpleLog4JLogSystem
2021-12-01 06:00:09,718 - Using logger class org.apache.velocity.runtime.log.SimpleLog4JLogSystem
2021-12-01 06:00:09,729 - Default ResourceManager initializing. (class org.apache.velocity.runtime.resource.ResourceManagerImpl)
2021-12-01 06:00:09,731 - Resource Loader Instantiated: org.apache.velocity.runtime.resource.loader.ClasspathResourceLoader
2021-12-01 06:00:09,731 - ClasspathResourceLoader : initialization starting.
2021-12-01 06:00:09,731 - ClasspathResourceLoader : initialization complete.
2021-12-01 06:00:09,732 - ResourceCache : initialized. (class org.apache.velocity.runtime.resource.ResourceCacheImpl)
2021-12-01 06:00:09,732 - Default ResourceManager initialization complete.
2021-12-01 06:00:09,734 - Loaded System Directive: org.apache.velocity.runtime.directive.Literal
2021-12-01 06:00:09,737 - Loaded System Directive: org.apache.velocity.runtime.directive.Macro
2021-12-01 06:00:09,741 - Loaded System Directive: org.apache.velocity.runtime.directive.Parse
2021-12-01 06:00:09,743 - Loaded System Directive: org.apache.velocity.runtime.directive.Include
2021-12-01 06:00:09,744 - Loaded System Directive: org.apache.velocity.runtime.directive.Foreach
2021-12-01 06:00:09,780 - Created: 20 parsers.
2021-12-01 06:00:09,780 - Velocimacro : initialization starting.
2021-12-01 06:00:09,780 - Velocimacro : adding VMs from VM library template : VM_global_library.vm
2021-12-01 06:00:09,780 - ResourceManager : unable to find resource 'VM_global_library.vm' in any resource loader.
2021-12-01 06:00:09,780 - Velocimacro : error using  VM library template VM_global_library.vm : org.apache.velocity.exception.ResourceNotFoundException: Unable to find resource 'VM_global_library.vm'
2021-12-01 06:00:09,780 - Velocimacro :  VM library template macro registration complete.
2021-12-01 06:00:09,780 - Velocimacro : allowInline = true : VMs can be defined inline in templates
2021-12-01 06:00:09,780 - Velocimacro : allowInlineToOverride = false : VMs defined inline may NOT replace previous VM definitions
2021-12-01 06:00:09,780 - Velocimacro : allowInlineLocal = false : VMs defined inline will be  global in scope if allowed.
2021-12-01 06:00:09,780 - Velocimacro : messages on  : VM system will output logging messages
2021-12-01 06:00:09,780 - Velocimacro : autoload off  : VM system will not automatically reload global library macros
2021-12-01 06:00:09,780 - Velocimacro : initialization complete.
2021-12-01 06:00:09,780 - Velocity successfully started.
2021-12-01 06:02:14,979 - SimpleLog4JLogSystem initialized using logfile 'velocity.log'
2021-12-01 06:02:14,979 - ************************************************************** 
2021-12-01 06:02:14,979 - Starting Jakarta Velocity v1.4
2021-12-01 06:02:14,979 - RuntimeInstance initializing.
2021-12-01 06:02:14,979 - Default Properties File: org\apache\velocity\runtime\defaults\velocity.properties
2021-12-01 06:02:14,979 - Trying to use logger class org.apache.velocity.runtime.log.SimpleLog4JLogSystem
2021-12-01 06:02:14,979 - Using logger class org.apache.velocity.runtime.log.SimpleLog4JLogSystem
2021-12-01 06:02:14,979 - Default ResourceManager initializing. (class org.apache.velocity.runtime.resource.ResourceManagerImpl)
2021-12-01 06:02:14,979 - Resource Loader Instantiated: org.apache.velocity.runtime.resource.loader.ClasspathResourceLoader
2021-12-01 06:02:14,979 - ClasspathResourceLoader : initialization starting.
2021-12-01 06:02:14,979 - ClasspathResourceLoader : initialization complete.
2021-12-01 06:02:14,979 - ResourceCache : initialized. (class org.apache.velocity.runtime.resource.ResourceCacheImpl)
2021-12-01 06:02:14,979 - Default ResourceManager initialization complete.
2021-12-01 06:02:14,979 - Loaded System Directive: org.apache.velocity.runtime.directive.Literal
2021-12-01 06:02:14,979 - Loaded System Directive: org.apache.velocity.runtime.directive.Macro
2021-12-01 06:02:14,979 - Loaded System Directive: org.apache.velocity.runtime.directive.Parse
2021-12-01 06:02:14,979 - Loaded System Directive: org.apache.velocity.runtime.directive.Include
2021-12-01 06:02:14,979 - Loaded System Directive: org.apache.velocity.runtime.directive.Foreach
2021-12-01 06:02:15,026 - Created: 20 parsers.
2021-12-01 06:02:15,041 - Velocimacro : initialization starting.
2021-12-01 06:02:15,041 - Velocimacro : adding VMs from VM library template : VM_global_library.vm
2021-12-01 06:02:15,041 - ResourceManager : unable to find resource 'VM_global_library.vm' in any resource loader.
2021-12-01 06:02:15,041 - Velocimacro : error using  VM library template VM_global_library.vm : org.apache.velocity.exception.ResourceNotFoundException: Unable to find resource 'VM_global_library.vm'
2021-12-01 06:02:15,041 - Velocimacro :  VM library template macro registration complete.
2021-12-01 06:02:15,041 - Velocimacro : allowInline = true : VMs can be defined inline in templates
2021-12-01 06:02:15,041 - Velocimacro : allowInlineToOverride = false : VMs defined inline may NOT replace previous VM definitions
2021-12-01 06:02:15,041 - Velocimacro : allowInlineLocal = false : VMs defined inline will be  global in scope if allowed.
2021-12-01 06:02:15,041 - Velocimacro : messages on  : VM system will output logging messages
2021-12-01 06:02:15,041 - Velocimacro : autoload off  : VM system will not automatically reload global library macros
2021-12-01 06:02:15,041 - Velocimacro : initialization complete.
2021-12-01 06:02:15,041 - Velocity successfully started.
2021-12-01 06:05:38,795 - SimpleLog4JLogSystem initialized using logfile 'velocity.log'
2021-12-01 06:05:38,795 - ************************************************************** 
2021-12-01 06:05:38,795 - Starting Jakarta Velocity v1.4
2021-12-01 06:05:38,795 - RuntimeInstance initializing.
2021-12-01 06:05:38,795 - Default Properties File: org\apache\velocity\runtime\defaults\velocity.properties
2021-12-01 06:05:38,795 - Trying to use logger class org.apache.velocity.runtime.log.SimpleLog4JLogSystem
2021-12-01 06:05:38,795 - Using logger class org.apache.velocity.runtime.log.SimpleLog4JLogSystem
2021-12-01 06:05:38,816 - Default ResourceManager initializing. (class org.apache.velocity.runtime.resource.ResourceManagerImpl)
2021-12-01 06:05:38,860 - Resource Loader Instantiated: org.apache.velocity.runtime.resource.loader.ClasspathResourceLoader
2021-12-01 06:05:38,860 - ClasspathResourceLoader : initialization starting.
2021-12-01 06:05:38,860 - ClasspathResourceLoader : initialization complete.
2021-12-01 06:05:38,871 - ResourceCache : initialized. (class org.apache.velocity.runtime.resource.ResourceCacheImpl)
2021-12-01 06:05:38,871 - Default ResourceManager initialization complete.
2021-12-01 06:05:38,873 - Loaded System Directive: org.apache.velocity.runtime.directive.Literal
2021-12-01 06:05:38,874 - Loaded System Directive: org.apache.velocity.runtime.directive.Macro
2021-12-01 06:05:38,876 - Loaded System Directive: org.apache.velocity.runtime.directive.Parse
2021-12-01 06:05:38,877 - Loaded System Directive: org.apache.velocity.runtime.directive.Include
2021-12-01 06:05:38,877 - Loaded System Directive: org.apache.velocity.runtime.directive.Foreach
2021-12-01 06:05:38,917 - Created: 20 parsers.
2021-12-01 06:05:38,923 - Velocimacro : initialization starting.
2021-12-01 06:05:38,923 - Velocimacro : adding VMs from VM library template : VM_global_library.vm
2021-12-01 06:05:38,927 - ResourceManager : unable to find resource 'VM_global_library.vm' in any resource loader.
2021-12-01 06:05:38,927 - Velocimacro : error using  VM library template VM_global_library.vm : org.apache.velocity.exception.ResourceNotFoundException: Unable to find resource 'VM_global_library.vm'
2021-12-01 06:05:38,927 - Velocimacro :  VM library template macro registration complete.
2021-12-01 06:05:38,927 - Velocimacro : allowInline = true : VMs can be defined inline in templates
2021-12-01 06:05:38,927 - Velocimacro : allowInlineToOverride = false : VMs defined inline may NOT replace previous VM definitions
2021-12-01 06:05:38,927 - Velocimacro : allowInlineLocal = false : VMs defined inline will be  global in scope if allowed.
2021-12-01 06:05:38,927 - Velocimacro : messages on  : VM system will output logging messages
2021-12-01 06:05:38,927 - Velocimacro : autoload off  : VM system will not automatically reload global library macros
2021-12-01 06:05:38,927 - Velocimacro : initialization complete.
2021-12-01 06:05:38,927 - Velocity successfully started.
2021-12-01 06:07:29,138 - SimpleLog4JLogSystem initialized using logfile 'velocity.log'
2021-12-01 06:07:29,138 - ************************************************************** 
2021-12-01 06:07:29,138 - Starting Jakarta Velocity v1.4
2021-12-01 06:07:29,138 - RuntimeInstance initializing.
2021-12-01 06:07:29,138 - Default Properties File: org\apache\velocity\runtime\defaults\velocity.properties
2021-12-01 06:07:29,138 - Trying to use logger class org.apache.velocity.runtime.log.SimpleLog4JLogSystem
2021-12-01 06:07:29,138 - Using logger class org.apache.velocity.runtime.log.SimpleLog4JLogSystem
2021-12-01 06:07:29,138 - Default ResourceManager initializing. (class org.apache.velocity.runtime.resource.ResourceManagerImpl)
2021-12-01 06:07:29,138 - Resource Loader Instantiated: org.apache.velocity.runtime.resource.loader.ClasspathResourceLoader
2021-12-01 06:07:29,138 - ClasspathResourceLoader : initialization starting.
2021-12-01 06:07:29,138 - ClasspathResourceLoader : initialization complete.
2021-12-01 06:07:29,138 - ResourceCache : initialized. (class org.apache.velocity.runtime.resource.ResourceCacheImpl)
2021-12-01 06:07:29,138 - Default ResourceManager initialization complete.
2021-12-01 06:07:29,138 - Loaded System Directive: org.apache.velocity.runtime.directive.Literal
2021-12-01 06:07:29,138 - Loaded System Directive: org.apache.velocity.runtime.directive.Macro
2021-12-01 06:07:29,138 - Loaded System Directive: org.apache.velocity.runtime.directive.Parse
2021-12-01 06:07:29,138 - Loaded System Directive: org.apache.velocity.runtime.directive.Include
2021-12-01 06:07:29,162 - Loaded System Directive: org.apache.velocity.runtime.directive.Foreach
2021-12-01 06:07:29,192 - Created: 20 parsers.
2021-12-01 06:07:29,196 - Velocimacro : initialization starting.
2021-12-01 06:07:29,196 - Velocimacro : adding VMs from VM library template : VM_global_library.vm
2021-12-01 06:07:29,208 - ResourceManager : unable to find resource 'VM_global_library.vm' in any resource loader.
2021-12-01 06:07:29,208 - Velocimacro : error using  VM library template VM_global_library.vm : org.apache.velocity.exception.ResourceNotFoundException: Unable to find resource 'VM_global_library.vm'
2021-12-01 06:07:29,208 - Velocimacro :  VM library template macro registration complete.
2021-12-01 06:07:29,210 - Velocimacro : allowInline = true : VMs can be defined inline in templates
2021-12-01 06:07:29,210 - Velocimacro : allowInlineToOverride = false : VMs defined inline may NOT replace previous VM definitions
2021-12-01 06:07:29,210 - Velocimacro : allowInlineLocal = false : VMs defined inline will be  global in scope if allowed.
2021-12-01 06:07:29,211 - Velocimacro : messages on  : VM system will output logging messages
2021-12-01 06:07:29,211 - Velocimacro : autoload off  : VM system will not automatically reload global library macros
2021-12-01 06:07:29,211 - Velocimacro : initialization complete.
2021-12-01 06:07:29,211 - Velocity successfully started.
2021-12-01 06:10:11,348 - SimpleLog4JLogSystem initialized using logfile 'velocity.log'
2021-12-01 06:10:11,354 - ************************************************************** 
2021-12-01 06:10:11,354 - Starting Jakarta Velocity v1.4
2021-12-01 06:10:11,354 - RuntimeInstance initializing.
2021-12-01 06:10:11,355 - Default Properties File: org\apache\velocity\runtime\defaults\velocity.properties
2021-12-01 06:10:11,355 - Trying to use logger class org.apache.velocity.runtime.log.SimpleLog4JLogSystem
2021-12-01 06:10:11,355 - Using logger class org.apache.velocity.runtime.log.SimpleLog4JLogSystem
2021-12-01 06:10:11,358 - Default ResourceManager initializing. (class org.apache.velocity.runtime.resource.ResourceManagerImpl)
2021-12-01 06:10:11,358 - Resource Loader Instantiated: org.apache.velocity.runtime.resource.loader.ClasspathResourceLoader
2021-12-01 06:10:11,358 - ClasspathResourceLoader : initialization starting.
2021-12-01 06:10:11,358 - ClasspathResourceLoader : initialization complete.
2021-12-01 06:10:11,358 - ResourceCache : initialized. (class org.apache.velocity.runtime.resource.ResourceCacheImpl)
2021-12-01 06:10:11,358 - Default ResourceManager initialization complete.
2021-12-01 06:10:11,358 - Loaded System Directive: org.apache.velocity.runtime.directive.Literal
2021-12-01 06:10:11,358 - Loaded System Directive: org.apache.velocity.runtime.directive.Macro
2021-12-01 06:10:11,358 - Loaded System Directive: org.apache.velocity.runtime.directive.Parse
2021-12-01 06:10:11,358 - Loaded System Directive: org.apache.velocity.runtime.directive.Include
2021-12-01 06:10:11,374 - Loaded System Directive: org.apache.velocity.runtime.directive.Foreach
2021-12-01 06:10:11,423 - Created: 20 parsers.
2021-12-01 06:10:11,423 - Velocimacro : initialization starting.
2021-12-01 06:10:11,423 - Velocimacro : adding VMs from VM library template : VM_global_library.vm
2021-12-01 06:10:11,423 - ResourceManager : unable to find resource 'VM_global_library.vm' in any resource loader.
2021-12-01 06:10:11,423 - Velocimacro : error using  VM library template VM_global_library.vm : org.apache.velocity.exception.ResourceNotFoundException: Unable to find resource 'VM_global_library.vm'
2021-12-01 06:10:11,423 - Velocimacro :  VM library template macro registration complete.
2021-12-01 06:10:11,423 - Velocimacro : allowInline = true : VMs can be defined inline in templates
2021-12-01 06:10:11,423 - Velocimacro : allowInlineToOverride = false : VMs defined inline may NOT replace previous VM definitions
2021-12-01 06:10:11,423 - Velocimacro : allowInlineLocal = false : VMs defined inline will be  global in scope if allowed.
2021-12-01 06:10:11,423 - Velocimacro : messages on  : VM system will output logging messages
2021-12-01 06:10:11,423 - Velocimacro : autoload off  : VM system will not automatically reload global library macros
2021-12-01 06:10:11,423 - Velocimacro : initialization complete.
2021-12-01 06:10:11,423 - Velocity successfully started.
2021-12-01 06:12:58,592 - SimpleLog4JLogSystem initialized using logfile 'velocity.log'
2021-12-01 06:12:58,592 - ************************************************************** 
2021-12-01 06:12:58,592 - Starting Jakarta Velocity v1.4
2021-12-01 06:12:58,593 - RuntimeInstance initializing.
2021-12-01 06:12:58,593 - Default Properties File: org\apache\velocity\runtime\defaults\velocity.properties
2021-12-01 06:12:58,593 - Trying to use logger class org.apache.velocity.runtime.log.SimpleLog4JLogSystem
2021-12-01 06:12:58,593 - Using logger class org.apache.velocity.runtime.log.SimpleLog4JLogSystem
2021-12-01 06:12:58,595 - Default ResourceManager initializing. (class org.apache.velocity.runtime.resource.ResourceManagerImpl)
2021-12-01 06:12:58,611 - Resource Loader Instantiated: org.apache.velocity.runtime.resource.loader.ClasspathResourceLoader
2021-12-01 06:12:58,611 - ClasspathResourceLoader : initialization starting.
2021-12-01 06:12:58,611 - ClasspathResourceLoader : initialization complete.
2021-12-01 06:12:58,611 - ResourceCache : initialized. (class org.apache.velocity.runtime.resource.ResourceCacheImpl)
2021-12-01 06:12:58,611 - Default ResourceManager initialization complete.
2021-12-01 06:12:58,614 - Loaded System Directive: org.apache.velocity.runtime.directive.Literal
2021-12-01 06:12:58,616 - Loaded System Directive: org.apache.velocity.runtime.directive.Macro
2021-12-01 06:12:58,624 - Loaded System Directive: org.apache.velocity.runtime.directive.Parse
2021-12-01 06:12:58,627 - Loaded System Directive: org.apache.velocity.runtime.directive.Include
2021-12-01 06:12:58,627 - Loaded System Directive: org.apache.velocity.runtime.directive.Foreach
2021-12-01 06:12:58,658 - Created: 20 parsers.
2021-12-01 06:12:58,663 - Velocimacro : initialization starting.
2021-12-01 06:12:58,664 - Velocimacro : adding VMs from VM library template : VM_global_library.vm
2021-12-01 06:12:58,674 - ResourceManager : unable to find resource 'VM_global_library.vm' in any resource loader.
2021-12-01 06:12:58,674 - Velocimacro : error using  VM library template VM_global_library.vm : org.apache.velocity.exception.ResourceNotFoundException: Unable to find resource 'VM_global_library.vm'
2021-12-01 06:12:58,674 - Velocimacro :  VM library template macro registration complete.
2021-12-01 06:12:58,674 - Velocimacro : allowInline = true : VMs can be defined inline in templates
2021-12-01 06:12:58,674 - Velocimacro : allowInlineToOverride = false : VMs defined inline may NOT replace previous VM definitions
2021-12-01 06:12:58,674 - Velocimacro : allowInlineLocal = false : VMs defined inline will be  global in scope if allowed.
2021-12-01 06:12:58,674 - Velocimacro : messages on  : VM system will output logging messages
2021-12-01 06:12:58,674 - Velocimacro : autoload off  : VM system will not automatically reload global library macros
2021-12-01 06:12:58,675 - Velocimacro : initialization complete.
2021-12-01 06:12:58,675 - Velocity successfully started.
2021-12-01 06:14:06,880 - SimpleLog4JLogSystem initialized using logfile 'velocity.log'
2021-12-01 06:14:06,881 - ************************************************************** 
2021-12-01 06:14:06,881 - Starting Jakarta Velocity v1.4
2021-12-01 06:14:06,881 - RuntimeInstance initializing.
2021-12-01 06:14:06,881 - Default Properties File: org\apache\velocity\runtime\defaults\velocity.properties
2021-12-01 06:14:06,882 - Trying to use logger class org.apache.velocity.runtime.log.SimpleLog4JLogSystem
2021-12-01 06:14:06,882 - Using logger class org.apache.velocity.runtime.log.SimpleLog4JLogSystem
2021-12-01 06:14:06,885 - Default ResourceManager initializing. (class org.apache.velocity.runtime.resource.ResourceManagerImpl)
2021-12-01 06:14:06,886 - Resource Loader Instantiated: org.apache.velocity.runtime.resource.loader.ClasspathResourceLoader
2021-12-01 06:14:06,886 - ClasspathResourceLoader : initialization starting.
2021-12-01 06:14:06,886 - ClasspathResourceLoader : initialization complete.
2021-12-01 06:14:06,887 - ResourceCache : initialized. (class org.apache.velocity.runtime.resource.ResourceCacheImpl)
2021-12-01 06:14:06,887 - Default ResourceManager initialization complete.
2021-12-01 06:14:06,896 - Loaded System Directive: org.apache.velocity.runtime.directive.Literal
2021-12-01 06:14:06,898 - Loaded System Directive: org.apache.velocity.runtime.directive.Macro
2021-12-01 06:14:06,899 - Loaded System Directive: org.apache.velocity.runtime.directive.Parse
2021-12-01 06:14:06,900 - Loaded System Directive: org.apache.velocity.runtime.directive.Include
2021-12-01 06:14:06,901 - Loaded System Directive: org.apache.velocity.runtime.directive.Foreach
2021-12-01 06:14:06,938 - Created: 20 parsers.
2021-12-01 06:14:06,953 - Velocimacro : initialization starting.
2021-12-01 06:14:06,953 - Velocimacro : adding VMs from VM library template : VM_global_library.vm
2021-12-01 06:14:06,953 - ResourceManager : unable to find resource 'VM_global_library.vm' in any resource loader.
2021-12-01 06:14:06,953 - Velocimacro : error using  VM library template VM_global_library.vm : org.apache.velocity.exception.ResourceNotFoundException: Unable to find resource 'VM_global_library.vm'
2021-12-01 06:14:06,953 - Velocimacro :  VM library template macro registration complete.
2021-12-01 06:14:06,953 - Velocimacro : allowInline = true : VMs can be defined inline in templates
2021-12-01 06:14:06,953 - Velocimacro : allowInlineToOverride = false : VMs defined inline may NOT replace previous VM definitions
2021-12-01 06:14:06,953 - Velocimacro : allowInlineLocal = false : VMs defined inline will be  global in scope if allowed.
2021-12-01 06:14:06,953 - Velocimacro : messages on  : VM system will output logging messages
2021-12-01 06:14:06,953 - Velocimacro : autoload off  : VM system will not automatically reload global library macros
2021-12-01 06:14:06,953 - Velocimacro : initialization complete.
2021-12-01 06:14:06,953 - Velocity successfully started.
2021-12-01 06:17:22,821 - SimpleLog4JLogSystem initialized using logfile 'velocity.log'
2021-12-01 06:17:22,821 - ************************************************************** 
2021-12-01 06:17:22,821 - Starting Jakarta Velocity v1.4
2021-12-01 06:17:22,821 - RuntimeInstance initializing.
2021-12-01 06:17:22,821 - Default Properties File: org\apache\velocity\runtime\defaults\velocity.properties
2021-12-01 06:17:22,821 - Trying to use logger class org.apache.velocity.runtime.log.SimpleLog4JLogSystem
2021-12-01 06:17:22,821 - Using logger class org.apache.velocity.runtime.log.SimpleLog4JLogSystem
2021-12-01 06:17:22,821 - Default ResourceManager initializing. (class org.apache.velocity.runtime.resource.ResourceManagerImpl)
2021-12-01 06:17:22,839 - Resource Loader Instantiated: org.apache.velocity.runtime.resource.loader.ClasspathResourceLoader
2021-12-01 06:17:22,839 - ClasspathResourceLoader : initialization starting.
2021-12-01 06:17:22,839 - ClasspathResourceLoader : initialization complete.
2021-12-01 06:17:22,842 - ResourceCache : initialized. (class org.apache.velocity.runtime.resource.ResourceCacheImpl)
2021-12-01 06:17:22,842 - Default ResourceManager initialization complete.
2021-12-01 06:17:22,843 - Loaded System Directive: org.apache.velocity.runtime.directive.Literal
2021-12-01 06:17:22,846 - Loaded System Directive: org.apache.velocity.runtime.directive.Macro
2021-12-01 06:17:22,848 - Loaded System Directive: org.apache.velocity.runtime.directive.Parse
2021-12-01 06:17:22,849 - Loaded System Directive: org.apache.velocity.runtime.directive.Include
2021-12-01 06:17:22,850 - Loaded System Directive: org.apache.velocity.runtime.directive.Foreach
2021-12-01 06:17:22,876 - Created: 20 parsers.
2021-12-01 06:17:22,891 - Velocimacro : initialization starting.
2021-12-01 06:17:22,891 - Velocimacro : adding VMs from VM library template : VM_global_library.vm
2021-12-01 06:17:22,902 - ResourceManager : unable to find resource 'VM_global_library.vm' in any resource loader.
2021-12-01 06:17:22,902 - Velocimacro : error using  VM library template VM_global_library.vm : org.apache.velocity.exception.ResourceNotFoundException: Unable to find resource 'VM_global_library.vm'
2021-12-01 06:17:22,902 - Velocimacro :  VM library template macro registration complete.
2021-12-01 06:17:22,902 - Velocimacro : allowInline = true : VMs can be defined inline in templates
2021-12-01 06:17:22,902 - Velocimacro : allowInlineToOverride = false : VMs defined inline may NOT replace previous VM definitions
2021-12-01 06:17:22,902 - Velocimacro : allowInlineLocal = false : VMs defined inline will be  global in scope if allowed.
2021-12-01 06:17:22,902 - Velocimacro : messages on  : VM system will output logging messages
2021-12-01 06:17:22,902 - Velocimacro : autoload off  : VM system will not automatically reload global library macros
2021-12-01 06:17:22,902 - Velocimacro : initialization complete.
2021-12-01 06:17:22,902 - Velocity successfully started.
2021-12-01 06:19:07,202 - SimpleLog4JLogSystem initialized using logfile 'velocity.log'
2021-12-01 06:19:07,202 - ************************************************************** 
2021-12-01 06:19:07,202 - Starting Jakarta Velocity v1.4
2021-12-01 06:19:07,202 - RuntimeInstance initializing.
2021-12-01 06:19:07,202 - Default Properties File: org\apache\velocity\runtime\defaults\velocity.properties
2021-12-01 06:19:07,202 - Trying to use logger class org.apache.velocity.runtime.log.SimpleLog4JLogSystem
2021-12-01 06:19:07,202 - Using logger class org.apache.velocity.runtime.log.SimpleLog4JLogSystem
2021-12-01 06:19:07,205 - Default ResourceManager initializing. (class org.apache.velocity.runtime.resource.ResourceManagerImpl)
2021-12-01 06:19:07,208 - Resource Loader Instantiated: org.apache.velocity.runtime.resource.loader.ClasspathResourceLoader
2021-12-01 06:19:07,208 - ClasspathResourceLoader : initialization starting.
2021-12-01 06:19:07,208 - ClasspathResourceLoader : initialization complete.
2021-12-01 06:19:07,208 - ResourceCache : initialized. (class org.apache.velocity.runtime.resource.ResourceCacheImpl)
2021-12-01 06:19:07,208 - Default ResourceManager initialization complete.
2021-12-01 06:19:07,210 - Loaded System Directive: org.apache.velocity.runtime.directive.Literal
2021-12-01 06:19:07,210 - Loaded System Directive: org.apache.velocity.runtime.directive.Macro
2021-12-01 06:19:07,210 - Loaded System Directive: org.apache.velocity.runtime.directive.Parse
2021-12-01 06:19:07,210 - Loaded System Directive: org.apache.velocity.runtime.directive.Include
2021-12-01 06:19:07,210 - Loaded System Directive: org.apache.velocity.runtime.directive.Foreach
2021-12-01 06:19:07,290 - Created: 20 parsers.
2021-12-01 06:19:07,304 - Velocimacro : initialization starting.
2021-12-01 06:19:07,304 - Velocimacro : adding VMs from VM library template : VM_global_library.vm
2021-12-01 06:19:07,312 - ResourceManager : unable to find resource 'VM_global_library.vm' in any resource loader.
2021-12-01 06:19:07,312 - Velocimacro : error using  VM library template VM_global_library.vm : org.apache.velocity.exception.ResourceNotFoundException: Unable to find resource 'VM_global_library.vm'
2021-12-01 06:19:07,312 - Velocimacro :  VM library template macro registration complete.
2021-12-01 06:19:07,312 - Velocimacro : allowInline = true : VMs can be defined inline in templates
2021-12-01 06:19:07,312 - Velocimacro : allowInlineToOverride = false : VMs defined inline may NOT replace previous VM definitions
2021-12-01 06:19:07,312 - Velocimacro : allowInlineLocal = false : VMs defined inline will be  global in scope if allowed.
2021-12-01 06:19:07,312 - Velocimacro : messages on  : VM system will output logging messages
2021-12-01 06:19:07,312 - Velocimacro : autoload off  : VM system will not automatically reload global library macros
2021-12-01 06:19:07,313 - Velocimacro : initialization complete.
2021-12-01 06:19:07,313 - Velocity successfully started.
2021-12-01 06:23:19,912 - SimpleLog4JLogSystem initialized using logfile 'velocity.log'
2021-12-01 06:23:19,912 - ************************************************************** 
2021-12-01 06:23:19,912 - Starting Jakarta Velocity v1.4
2021-12-01 06:23:19,913 - RuntimeInstance initializing.
2021-12-01 06:23:19,913 - Default Properties File: org\apache\velocity\runtime\defaults\velocity.properties
2021-12-01 06:23:19,913 - Trying to use logger class org.apache.velocity.runtime.log.SimpleLog4JLogSystem
2021-12-01 06:23:19,913 - Using logger class org.apache.velocity.runtime.log.SimpleLog4JLogSystem
2021-12-01 06:23:19,922 - Default ResourceManager initializing. (class org.apache.velocity.runtime.resource.ResourceManagerImpl)
2021-12-01 06:23:19,925 - Resource Loader Instantiated: org.apache.velocity.runtime.resource.loader.ClasspathResourceLoader
2021-12-01 06:23:19,925 - ClasspathResourceLoader : initialization starting.
2021-12-01 06:23:19,925 - ClasspathResourceLoader : initialization complete.
2021-12-01 06:23:19,925 - ResourceCache : initialized. (class org.apache.velocity.runtime.resource.ResourceCacheImpl)
2021-12-01 06:23:19,925 - Default ResourceManager initialization complete.
2021-12-01 06:23:19,926 - Loaded System Directive: org.apache.velocity.runtime.directive.Literal
2021-12-01 06:23:19,928 - Loaded System Directive: org.apache.velocity.runtime.directive.Macro
2021-12-01 06:23:19,929 - Loaded System Directive: org.apache.velocity.runtime.directive.Parse
2021-12-01 06:23:19,930 - Loaded System Directive: org.apache.velocity.runtime.directive.Include
2021-12-01 06:23:19,931 - Loaded System Directive: org.apache.velocity.runtime.directive.Foreach
2021-12-01 06:23:19,995 - Created: 20 parsers.
2021-12-01 06:23:20,006 - Velocimacro : initialization starting.
2021-12-01 06:23:20,007 - Velocimacro : adding VMs from VM library template : VM_global_library.vm
2021-12-01 06:23:20,011 - ResourceManager : unable to find resource 'VM_global_library.vm' in any resource loader.
2021-12-01 06:23:20,012 - Velocimacro : error using  VM library template VM_global_library.vm : org.apache.velocity.exception.ResourceNotFoundException: Unable to find resource 'VM_global_library.vm'
2021-12-01 06:23:20,012 - Velocimacro :  VM library template macro registration complete.
2021-12-01 06:23:20,012 - Velocimacro : allowInline = true : VMs can be defined inline in templates
2021-12-01 06:23:20,012 - Velocimacro : allowInlineToOverride = false : VMs defined inline may NOT replace previous VM definitions
2021-12-01 06:23:20,012 - Velocimacro : allowInlineLocal = false : VMs defined inline will be  global in scope if allowed.
2021-12-01 06:23:20,012 - Velocimacro : messages on  : VM system will output logging messages
2021-12-01 06:23:20,012 - Velocimacro : autoload off  : VM system will not automatically reload global library macros
2021-12-01 06:23:20,013 - Velocimacro : initialization complete.
2021-12-01 06:23:20,013 - Velocity successfully started.
2021-12-01 06:25:21,909 - SimpleLog4JLogSystem initialized using logfile 'velocity.log'
2021-12-01 06:25:21,909 - ************************************************************** 
2021-12-01 06:25:21,909 - Starting Jakarta Velocity v1.4
2021-12-01 06:25:21,909 - RuntimeInstance initializing.
2021-12-01 06:25:21,909 - Default Properties File: org\apache\velocity\runtime\defaults\velocity.properties
2021-12-01 06:25:21,909 - Trying to use logger class org.apache.velocity.runtime.log.SimpleLog4JLogSystem
2021-12-01 06:25:21,909 - Using logger class org.apache.velocity.runtime.log.SimpleLog4JLogSystem
2021-12-01 06:25:21,925 - Default ResourceManager initializing. (class org.apache.velocity.runtime.resource.ResourceManagerImpl)
2021-12-01 06:25:21,925 - Resource Loader Instantiated: org.apache.velocity.runtime.resource.loader.ClasspathResourceLoader
2021-12-01 06:25:21,925 - ClasspathResourceLoader : initialization starting.
2021-12-01 06:25:21,925 - ClasspathResourceLoader : initialization complete.
2021-12-01 06:25:21,925 - ResourceCache : initialized. (class org.apache.velocity.runtime.resource.ResourceCacheImpl)
2021-12-01 06:25:21,925 - Default ResourceManager initialization complete.
2021-12-01 06:25:21,925 - Loaded System Directive: org.apache.velocity.runtime.directive.Literal
2021-12-01 06:25:21,925 - Loaded System Directive: org.apache.velocity.runtime.directive.Macro
2021-12-01 06:25:21,925 - Loaded System Directive: org.apache.velocity.runtime.directive.Parse
2021-12-01 06:25:21,925 - Loaded System Directive: org.apache.velocity.runtime.directive.Include
2021-12-01 06:25:21,925 - Loaded System Directive: org.apache.velocity.runtime.directive.Foreach
2021-12-01 06:25:21,940 - Created: 20 parsers.
2021-12-01 06:25:21,940 - Velocimacro : initialization starting.
2021-12-01 06:25:21,940 - Velocimacro : adding VMs from VM library template : VM_global_library.vm
2021-12-01 06:25:21,956 - ResourceManager : unable to find resource 'VM_global_library.vm' in any resource loader.
2021-12-01 06:25:21,956 - Velocimacro : error using  VM library template VM_global_library.vm : org.apache.velocity.exception.ResourceNotFoundException: Unable to find resource 'VM_global_library.vm'
2021-12-01 06:25:21,956 - Velocimacro :  VM library template macro registration complete.
2021-12-01 06:25:21,956 - Velocimacro : allowInline = true : VMs can be defined inline in templates
2021-12-01 06:25:21,956 - Velocimacro : allowInlineToOverride = false : VMs defined inline may NOT replace previous VM definitions
2021-12-01 06:25:21,956 - Velocimacro : allowInlineLocal = false : VMs defined inline will be  global in scope if allowed.
2021-12-01 06:25:21,956 - Velocimacro : messages on  : VM system will output logging messages
2021-12-01 06:25:21,956 - Velocimacro : autoload off  : VM system will not automatically reload global library macros
2021-12-01 06:25:21,956 - Velocimacro : initialization complete.
2021-12-01 06:25:21,956 - Velocity successfully started.
2021-12-01 06:33:02,355 - SimpleLog4JLogSystem initialized using logfile 'velocity.log'
2021-12-01 06:33:02,355 - ************************************************************** 
2021-12-01 06:33:02,355 - Starting Jakarta Velocity v1.4
2021-12-01 06:33:02,355 - RuntimeInstance initializing.
2021-12-01 06:33:02,357 - Default Properties File: org\apache\velocity\runtime\defaults\velocity.properties
2021-12-01 06:33:02,357 - Trying to use logger class org.apache.velocity.runtime.log.SimpleLog4JLogSystem
2021-12-01 06:33:02,357 - Using logger class org.apache.velocity.runtime.log.SimpleLog4JLogSystem
2021-12-01 06:33:02,359 - Default ResourceManager initializing. (class org.apache.velocity.runtime.resource.ResourceManagerImpl)
2021-12-01 06:33:02,387 - Resource Loader Instantiated: org.apache.velocity.runtime.resource.loader.ClasspathResourceLoader
2021-12-01 06:33:02,387 - ClasspathResourceLoader : initialization starting.
2021-12-01 06:33:02,387 - ClasspathResourceLoader : initialization complete.
2021-12-01 06:33:02,389 - ResourceCache : initialized. (class org.apache.velocity.runtime.resource.ResourceCacheImpl)
2021-12-01 06:33:02,389 - Default ResourceManager initialization complete.
2021-12-01 06:33:02,391 - Loaded System Directive: org.apache.velocity.runtime.directive.Literal
2021-12-01 06:33:02,393 - Loaded System Directive: org.apache.velocity.runtime.directive.Macro
2021-12-01 06:33:02,395 - Loaded System Directive: org.apache.velocity.runtime.directive.Parse
2021-12-01 06:33:02,397 - Loaded System Directive: org.apache.velocity.runtime.directive.Include
2021-12-01 06:33:02,397 - Loaded System Directive: org.apache.velocity.runtime.directive.Foreach
2021-12-01 06:33:02,445 - Created: 20 parsers.
2021-12-01 06:33:02,452 - Velocimacro : initialization starting.
2021-12-01 06:33:02,452 - Velocimacro : adding VMs from VM library template : VM_global_library.vm
2021-12-01 06:33:02,458 - ResourceManager : unable to find resource 'VM_global_library.vm' in any resource loader.
2021-12-01 06:33:02,459 - Velocimacro : error using  VM library template VM_global_library.vm : org.apache.velocity.exception.ResourceNotFoundException: Unable to find resource 'VM_global_library.vm'
2021-12-01 06:33:02,459 - Velocimacro :  VM library template macro registration complete.
2021-12-01 06:33:02,459 - Velocimacro : allowInline = true : VMs can be defined inline in templates
2021-12-01 06:33:02,459 - Velocimacro : allowInlineToOverride = false : VMs defined inline may NOT replace previous VM definitions
2021-12-01 06:33:02,459 - Velocimacro : allowInlineLocal = false : VMs defined inline will be  global in scope if allowed.
2021-12-01 06:33:02,459 - Velocimacro : messages on  : VM system will output logging messages
2021-12-01 06:33:02,459 - Velocimacro : autoload off  : VM system will not automatically reload global library macros
2021-12-01 06:33:02,459 - Velocimacro : initialization complete.
2021-12-01 06:33:02,459 - Velocity successfully started.
2021-12-01 08:33:28,383 - SimpleLog4JLogSystem initialized using logfile 'velocity.log'
2021-12-01 08:33:28,385 - ************************************************************** 
2021-12-01 08:33:28,385 - Starting Jakarta Velocity v1.4
2021-12-01 08:33:28,385 - RuntimeInstance initializing.
2021-12-01 08:33:28,385 - Default Properties File: org\apache\velocity\runtime\defaults\velocity.properties
2021-12-01 08:33:28,386 - Trying to use logger class org.apache.velocity.runtime.log.SimpleLog4JLogSystem
2021-12-01 08:33:28,386 - Using logger class org.apache.velocity.runtime.log.SimpleLog4JLogSystem
2021-12-01 08:33:28,391 - Default ResourceManager initializing. (class org.apache.velocity.runtime.resource.ResourceManagerImpl)
2021-12-01 08:33:28,399 - Resource Loader Instantiated: org.apache.velocity.runtime.resource.loader.ClasspathResourceLoader
2021-12-01 08:33:28,399 - ClasspathResourceLoader : initialization starting.
2021-12-01 08:33:28,399 - ClasspathResourceLoader : initialization complete.
2021-12-01 08:33:28,400 - ResourceCache : initialized. (class org.apache.velocity.runtime.resource.ResourceCacheImpl)
2021-12-01 08:33:28,400 - Default ResourceManager initialization complete.
2021-12-01 08:33:28,403 - Loaded System Directive: org.apache.velocity.runtime.directive.Literal
2021-12-01 08:33:28,404 - Loaded System Directive: org.apache.velocity.runtime.directive.Macro
2021-12-01 08:33:28,405 - Loaded System Directive: org.apache.velocity.runtime.directive.Parse
2021-12-01 08:33:28,408 - Loaded System Directive: org.apache.velocity.runtime.directive.Include
2021-12-01 08:33:28,410 - Loaded System Directive: org.apache.velocity.runtime.directive.Foreach
2021-12-01 08:33:28,486 - Created: 20 parsers.
2021-12-01 08:33:28,498 - Velocimacro : initialization starting.
2021-12-01 08:33:28,499 - Velocimacro : adding VMs from VM library template : VM_global_library.vm
2021-12-01 08:33:28,519 - ResourceManager : unable to find resource 'VM_global_library.vm' in any resource loader.
2021-12-01 08:33:28,528 - Velocimacro : error using  VM library template VM_global_library.vm : org.apache.velocity.exception.ResourceNotFoundException: Unable to find resource 'VM_global_library.vm'
2021-12-01 08:33:28,528 - Velocimacro :  VM library template macro registration complete.
2021-12-01 08:33:28,528 - Velocimacro : allowInline = true : VMs can be defined inline in templates
2021-12-01 08:33:28,528 - Velocimacro : allowInlineToOverride = false : VMs defined inline may NOT replace previous VM definitions
2021-12-01 08:33:28,528 - Velocimacro : allowInlineLocal = false : VMs defined inline will be  global in scope if allowed.
2021-12-01 08:33:28,528 - Velocimacro : messages on  : VM system will output logging messages
2021-12-01 08:33:28,529 - Velocimacro : autoload off  : VM system will not automatically reload global library macros
2021-12-01 08:33:28,529 - Velocimacro : initialization complete.
2021-12-01 08:33:28,530 - Velocity successfully started.
2021-12-01 11:05:43,901 - SimpleLog4JLogSystem initialized using logfile 'velocity.log'
2021-12-01 11:05:43,901 - ************************************************************** 
2021-12-01 11:05:43,901 - Starting Jakarta Velocity v1.4
2021-12-01 11:05:43,901 - RuntimeInstance initializing.
2021-12-01 11:05:43,901 - Default Properties File: org\apache\velocity\runtime\defaults\velocity.properties
2021-12-01 11:05:43,901 - Trying to use logger class org.apache.velocity.runtime.log.SimpleLog4JLogSystem
2021-12-01 11:05:43,901 - Using logger class org.apache.velocity.runtime.log.SimpleLog4JLogSystem
2021-12-01 11:05:43,901 - Default ResourceManager initializing. (class org.apache.velocity.runtime.resource.ResourceManagerImpl)
2021-12-01 11:05:43,901 - Resource Loader Instantiated: org.apache.velocity.runtime.resource.loader.ClasspathResourceLoader
2021-12-01 11:05:43,901 - ClasspathResourceLoader : initialization starting.
2021-12-01 11:05:43,901 - ClasspathResourceLoader : initialization complete.
2021-12-01 11:05:43,901 - ResourceCache : initialized. (class org.apache.velocity.runtime.resource.ResourceCacheImpl)
2021-12-01 11:05:43,901 - Default ResourceManager initialization complete.
2021-12-01 11:05:43,927 - Loaded System Directive: org.apache.velocity.runtime.directive.Literal
2021-12-01 11:05:43,944 - Loaded System Directive: org.apache.velocity.runtime.directive.Macro
2021-12-01 11:05:43,954 - Loaded System Directive: org.apache.velocity.runtime.directive.Parse
2021-12-01 11:05:43,957 - Loaded System Directive: org.apache.velocity.runtime.directive.Include
2021-12-01 11:05:43,958 - Loaded System Directive: org.apache.velocity.runtime.directive.Foreach
2021-12-01 11:05:44,048 - Created: 20 parsers.
2021-12-01 11:05:44,069 - Velocimacro : initialization starting.
2021-12-01 11:05:44,069 - Velocimacro : adding VMs from VM library template : VM_global_library.vm
2021-12-01 11:05:44,083 - ResourceManager : unable to find resource 'VM_global_library.vm' in any resource loader.
2021-12-01 11:05:44,084 - Velocimacro : error using  VM library template VM_global_library.vm : org.apache.velocity.exception.ResourceNotFoundException: Unable to find resource 'VM_global_library.vm'
2021-12-01 11:05:44,084 - Velocimacro :  VM library template macro registration complete.
2021-12-01 11:05:44,084 - Velocimacro : allowInline = true : VMs can be defined inline in templates
2021-12-01 11:05:44,084 - Velocimacro : allowInlineToOverride = false : VMs defined inline may NOT replace previous VM definitions
2021-12-01 11:05:44,084 - Velocimacro : allowInlineLocal = false : VMs defined inline will be  global in scope if allowed.
2021-12-01 11:05:44,084 - Velocimacro : messages on  : VM system will output logging messages
2021-12-01 11:05:44,084 - Velocimacro : autoload off  : VM system will not automatically reload global library macros
2021-12-01 11:05:44,085 - Velocimacro : initialization complete.
2021-12-01 11:05:44,085 - Velocity successfully started.
